<?xml version="1.0" encoding="UTF-8"?>
<testng-results ignored="20" total="104" passed="72" failed="12" skipped="0">
  <reporter-output>
  </reporter-output>
  <suite started-at="2018-05-10T21:18:11Z" name="LoginXMLFile" finished-at="2018-05-10T21:19:54Z" duration-ms="103537">
    <groups>
    </groups>
    <test started-at="2018-05-10T21:18:11Z" name="TestWithChrome" finished-at="2018-05-10T21:19:02Z" duration-ms="51326">
      <class name="Tests.RegisterTest">
        <test-method signature="displayMenuRegisterPage()[pri:5, instance:Tests.RegisterTest@1dac5ef]" started-at="2018-05-10T21:18:24Z" name="displayMenuRegisterPage" finished-at="2018-05-10T21:18:24Z" duration-ms="116" status="PASS">
          <reporter-output>
          </reporter-output>
        </test-method> <!-- displayMenuRegisterPage -->
        <test-method signature="DisplayPageRegister()[pri:6, instance:Tests.RegisterTest@1dac5ef]" started-at="2018-05-10T21:18:24Z" name="DisplayPageRegister" finished-at="2018-05-10T21:18:24Z" duration-ms="278" status="PASS">
          <reporter-output>
          </reporter-output>
        </test-method> <!-- DisplayPageRegister -->
        <test-method signature="MandatoryMessageDisplayed()[pri:7, instance:Tests.RegisterTest@1dac5ef]" started-at="2018-05-10T21:18:24Z" name="MandatoryMessageDisplayed" finished-at="2018-05-10T21:18:24Z" duration-ms="395" status="PASS">
          <reporter-output>
          </reporter-output>
        </test-method> <!-- MandatoryMessageDisplayed -->
        <test-method signature="MessageWhenUserExist(java.lang.String, java.lang.String, java.lang.String, java.lang.String, java.lang.String, java.lang.String, java.lang.String, java.lang.String)[pri:8, instance:Tests.RegisterTest@1dac5ef]" started-at="2018-05-10T21:18:24Z" name="MessageWhenUserExist" data-provider="parameterRegister" finished-at="2018-05-10T21:18:25Z" duration-ms="916" status="PASS">
          <params>
            <param index="0">
              <value>
                <![CDATA[Clarisa]]>
              </value>
            </param>
            <param index="1">
              <value>
                <![CDATA[Vela]]>
              </value>
            </param>
            <param index="2">
              <value>
                <![CDATA[clarivela@gmail.com]]>
              </value>
            </param>
            <param index="3">
              <value>
                <![CDATA[Clave]]>
              </value>
            </param>
            <param index="4">
              <value>
                <![CDATA[clave123#]]>
              </value>
            </param>
            <param index="5">
              <value>
                <![CDATA[clave123#]]>
              </value>
            </param>
            <param index="6">
              <value>
                <![CDATA[hola]]>
              </value>
            </param>
            <param index="7">
              <value>
                <![CDATA[hola]]>
              </value>
            </param>
          </params>
          <reporter-output>
          </reporter-output>
        </test-method> <!-- MessageWhenUserExist -->
        <test-method signature="MessageWhenUserExist(java.lang.String, java.lang.String, java.lang.String, java.lang.String, java.lang.String, java.lang.String, java.lang.String, java.lang.String)[pri:8, instance:Tests.RegisterTest@1dac5ef]" started-at="2018-05-10T21:18:25Z" name="MessageWhenUserExist" data-provider="parameterRegister" finished-at="2018-05-10T21:18:26Z" duration-ms="732" status="FAIL">
          <params>
            <param index="0">
              <value>
                <![CDATA[MariFlor]]>
              </value>
            </param>
            <param index="1">
              <value>
                <![CDATA[Flori]]>
              </value>
            </param>
            <param index="2">
              <value>
                <![CDATA[mariflor@gmail.com]]>
              </value>
            </param>
            <param index="3">
              <value>
                <![CDATA[Florcita]]>
              </value>
            </param>
            <param index="4">
              <value>
                <![CDATA[flori123]]>
              </value>
            </param>
            <param index="5">
              <value>
                <![CDATA[flori123#]]>
              </value>
            </param>
            <param index="6">
              <value>
                <![CDATA[hola]]>
              </value>
            </param>
            <param index="7">
              <value>
                <![CDATA[hola]]>
              </value>
            </param>
          </params>
          <exception class="org.openqa.selenium.NoSuchElementException">
            <message>
              <![CDATA[no such element: Unable to locate element: {"method":"id","selector":"ctl00_Main_InfoLabel"}
  (Session info: chrome=66.0.3359.139)
  (Driver info: chromedriver=2.37.544315 (730aa6a5fdba159ac9f4c1e8cbc59bf1b5ce12b7),platform=Windows NT 10.0.16299 x86_64) (WARNING: The server did not provide any stacktrace information)
Command duration or timeout: 0 milliseconds
For documentation on this error, please visit: http://seleniumhq.org/exceptions/no_such_element.html
Build info: version: '3.11.0', revision: 'e59cfb3', time: '2018-03-11T20:33:08.638Z'
System info: host: 'SCA-WS380', ip: '192.168.189.181', os.name: 'Windows 10', os.arch: 'amd64', os.version: '10.0', java.version: '10'
Driver info: org.openqa.selenium.chrome.ChromeDriver
Capabilities {acceptInsecureCerts: false, acceptSslCerts: false, applicationCacheEnabled: false, browserConnectionEnabled: false, browserName: chrome, chrome: {chromedriverVersion: 2.37.544315 (730aa6a5fdba15..., userDataDir: C:\Users\nurpi-as\AppData\L...}, cssSelectorsEnabled: true, databaseEnabled: false, handlesAlerts: true, hasTouchScreen: false, javascriptEnabled: true, locationContextEnabled: true, mobileEmulationEnabled: false, nativeEvents: true, networkConnectionEnabled: false, pageLoadStrategy: normal, platform: XP, platformName: XP, rotatable: false, setWindowRect: true, takesHeapSnapshot: true, takesScreenshot: true, unexpectedAlertBehaviour: , unhandledPromptBehavior: , version: 66.0.3359.139, webStorageEnabled: true}
Session ID: 0c58d63f3c202ce0e5f26de326c4be4b
*** Element info: {Using=id, value=ctl00_Main_InfoLabel}]]>
            </message>
            <full-stacktrace>
              <![CDATA[org.openqa.selenium.NoSuchElementException: no such element: Unable to locate element: {"method":"id","selector":"ctl00_Main_InfoLabel"}
  (Session info: chrome=66.0.3359.139)
  (Driver info: chromedriver=2.37.544315 (730aa6a5fdba159ac9f4c1e8cbc59bf1b5ce12b7),platform=Windows NT 10.0.16299 x86_64) (WARNING: The server did not provide any stacktrace information)
Command duration or timeout: 0 milliseconds
For documentation on this error, please visit: http://seleniumhq.org/exceptions/no_such_element.html
Build info: version: '3.11.0', revision: 'e59cfb3', time: '2018-03-11T20:33:08.638Z'
System info: host: 'SCA-WS380', ip: '192.168.189.181', os.name: 'Windows 10', os.arch: 'amd64', os.version: '10.0', java.version: '10'
Driver info: org.openqa.selenium.chrome.ChromeDriver
Capabilities {acceptInsecureCerts: false, acceptSslCerts: false, applicationCacheEnabled: false, browserConnectionEnabled: false, browserName: chrome, chrome: {chromedriverVersion: 2.37.544315 (730aa6a5fdba15..., userDataDir: C:\Users\nurpi-as\AppData\L...}, cssSelectorsEnabled: true, databaseEnabled: false, handlesAlerts: true, hasTouchScreen: false, javascriptEnabled: true, locationContextEnabled: true, mobileEmulationEnabled: false, nativeEvents: true, networkConnectionEnabled: false, pageLoadStrategy: normal, platform: XP, platformName: XP, rotatable: false, setWindowRect: true, takesHeapSnapshot: true, takesScreenshot: true, unexpectedAlertBehaviour: , unhandledPromptBehavior: , version: 66.0.3359.139, webStorageEnabled: true}
Session ID: 0c58d63f3c202ce0e5f26de326c4be4b
*** Element info: {Using=id, value=ctl00_Main_InfoLabel}
at java.base/jdk.internal.reflect.NativeConstructorAccessorImpl.newInstance0(Native Method)
at java.base/jdk.internal.reflect.NativeConstructorAccessorImpl.newInstance(Unknown Source)
at java.base/jdk.internal.reflect.DelegatingConstructorAccessorImpl.newInstance(Unknown Source)
at java.base/java.lang.reflect.Constructor.newInstance(Unknown Source)
at org.openqa.selenium.remote.ErrorHandler.createThrowable(ErrorHandler.java:214)
at org.openqa.selenium.remote.ErrorHandler.throwIfResponseFailed(ErrorHandler.java:166)
at org.openqa.selenium.remote.http.JsonHttpResponseCodec.reconstructValue(JsonHttpResponseCodec.java:40)
at org.openqa.selenium.remote.http.AbstractHttpResponseCodec.decode(AbstractHttpResponseCodec.java:80)
at org.openqa.selenium.remote.http.AbstractHttpResponseCodec.decode(AbstractHttpResponseCodec.java:44)
at org.openqa.selenium.remote.HttpCommandExecutor.execute(HttpCommandExecutor.java:158)
at org.openqa.selenium.remote.service.DriverCommandExecutor.execute(DriverCommandExecutor.java:83)
at org.openqa.selenium.remote.RemoteWebDriver.execute(RemoteWebDriver.java:545)
at org.openqa.selenium.remote.RemoteWebDriver.findElement(RemoteWebDriver.java:319)
at org.openqa.selenium.remote.RemoteWebDriver.findElementById(RemoteWebDriver.java:365)
at org.openqa.selenium.By$ById.findElement(By.java:218)
at org.openqa.selenium.remote.RemoteWebDriver.findElement(RemoteWebDriver.java:311)
at Pages.RegisterPage.verifypresenceOfElement(RegisterPage.java:121)
at Tests.RegisterTest.MessageWhenUserExist(RegisterTest.java:54)
at java.base/jdk.internal.reflect.NativeMethodAccessorImpl.invoke0(Native Method)
at java.base/jdk.internal.reflect.NativeMethodAccessorImpl.invoke(Unknown Source)
at java.base/jdk.internal.reflect.DelegatingMethodAccessorImpl.invoke(Unknown Source)
at java.base/java.lang.reflect.Method.invoke(Unknown Source)
at org.testng.internal.MethodInvocationHelper.invokeMethod(MethodInvocationHelper.java:124)
at org.testng.internal.Invoker.invokeMethod(Invoker.java:580)
at org.testng.internal.Invoker.invokeTestMethod(Invoker.java:716)
at org.testng.internal.Invoker.invokeTestMethods(Invoker.java:988)
at org.testng.internal.TestMethodWorker.invokeTestMethods(TestMethodWorker.java:125)
at org.testng.internal.TestMethodWorker.run(TestMethodWorker.java:109)
at org.testng.TestRunner.privateRun(TestRunner.java:648)
at org.testng.TestRunner.run(TestRunner.java:505)
at org.testng.SuiteRunner.runTest(SuiteRunner.java:455)
at org.testng.SuiteRunner.runSequentially(SuiteRunner.java:450)
at org.testng.SuiteRunner.privateRun(SuiteRunner.java:415)
at org.testng.SuiteRunner.run(SuiteRunner.java:364)
at org.testng.SuiteRunnerWorker.runSuite(SuiteRunnerWorker.java:52)
at org.testng.SuiteRunnerWorker.run(SuiteRunnerWorker.java:84)
at org.testng.TestNG.runSuitesSequentially(TestNG.java:1208)
at org.testng.TestNG.runSuitesLocally(TestNG.java:1137)
at org.testng.TestNG.runSuites(TestNG.java:1049)
at org.testng.TestNG.run(TestNG.java:1017)
at org.testng.remote.AbstractRemoteTestNG.run(AbstractRemoteTestNG.java:114)
at org.testng.remote.RemoteTestNG.initAndRun(RemoteTestNG.java:251)
at org.testng.remote.RemoteTestNG.main(RemoteTestNG.java:77)
]]>
            </full-stacktrace>
          </exception> <!-- org.openqa.selenium.NoSuchElementException -->
          <reporter-output>
          </reporter-output>
        </test-method> <!-- MessageWhenUserExist -->
        <test-method signature="MessageDifferentPasswords(java.lang.String, java.lang.String, java.lang.String, java.lang.String, java.lang.String, java.lang.String, java.lang.String, java.lang.String)[pri:9, instance:Tests.RegisterTest@1dac5ef]" started-at="2018-05-10T21:18:26Z" name="MessageDifferentPasswords" data-provider="parameterRegister" finished-at="2018-05-10T21:18:30Z" duration-ms="3801" status="FAIL">
          <params>
            <param index="0">
              <value>
                <![CDATA[Clarisa]]>
              </value>
            </param>
            <param index="1">
              <value>
                <![CDATA[Vela]]>
              </value>
            </param>
            <param index="2">
              <value>
                <![CDATA[clarivela@gmail.com]]>
              </value>
            </param>
            <param index="3">
              <value>
                <![CDATA[Clave]]>
              </value>
            </param>
            <param index="4">
              <value>
                <![CDATA[clave123#]]>
              </value>
            </param>
            <param index="5">
              <value>
                <![CDATA[clave123#]]>
              </value>
            </param>
            <param index="6">
              <value>
                <![CDATA[hola]]>
              </value>
            </param>
            <param index="7">
              <value>
                <![CDATA[hola]]>
              </value>
            </param>
          </params>
          <exception class="org.openqa.selenium.TimeoutException">
            <message>
              <![CDATA[Expected condition failed: waiting for visibility of all [[[ChromeDriver: chrome on XP (0c58d63f3c202ce0e5f26de326c4be4b)] -> id: ctl00_Main_CreateUserWizardControl_CreateUserStepContainer_PasswordCompare]] (tried for 3 second(s) with 500 milliseconds interval)
Build info: version: '3.11.0', revision: 'e59cfb3', time: '2018-03-11T20:33:08.638Z'
System info: host: 'SCA-WS380', ip: '192.168.189.181', os.name: 'Windows 10', os.arch: 'amd64', os.version: '10.0', java.version: '10'
Driver info: org.openqa.selenium.chrome.ChromeDriver
Capabilities {acceptInsecureCerts: false, acceptSslCerts: false, applicationCacheEnabled: false, browserConnectionEnabled: false, browserName: chrome, chrome: {chromedriverVersion: 2.37.544315 (730aa6a5fdba15..., userDataDir: C:\Users\nurpi-as\AppData\L...}, cssSelectorsEnabled: true, databaseEnabled: false, handlesAlerts: true, hasTouchScreen: false, javascriptEnabled: true, locationContextEnabled: true, mobileEmulationEnabled: false, nativeEvents: true, networkConnectionEnabled: false, pageLoadStrategy: normal, platform: XP, platformName: XP, rotatable: false, setWindowRect: true, takesHeapSnapshot: true, takesScreenshot: true, unexpectedAlertBehaviour: , unhandledPromptBehavior: , version: 66.0.3359.139, webStorageEnabled: true}
Session ID: 0c58d63f3c202ce0e5f26de326c4be4b]]>
            </message>
            <full-stacktrace>
              <![CDATA[org.openqa.selenium.TimeoutException: Expected condition failed: waiting for visibility of all [[[ChromeDriver: chrome on XP (0c58d63f3c202ce0e5f26de326c4be4b)] -> id: ctl00_Main_CreateUserWizardControl_CreateUserStepContainer_PasswordCompare]] (tried for 3 second(s) with 500 milliseconds interval)
Build info: version: '3.11.0', revision: 'e59cfb3', time: '2018-03-11T20:33:08.638Z'
System info: host: 'SCA-WS380', ip: '192.168.189.181', os.name: 'Windows 10', os.arch: 'amd64', os.version: '10.0', java.version: '10'
Driver info: org.openqa.selenium.chrome.ChromeDriver
Capabilities {acceptInsecureCerts: false, acceptSslCerts: false, applicationCacheEnabled: false, browserConnectionEnabled: false, browserName: chrome, chrome: {chromedriverVersion: 2.37.544315 (730aa6a5fdba15..., userDataDir: C:\Users\nurpi-as\AppData\L...}, cssSelectorsEnabled: true, databaseEnabled: false, handlesAlerts: true, hasTouchScreen: false, javascriptEnabled: true, locationContextEnabled: true, mobileEmulationEnabled: false, nativeEvents: true, networkConnectionEnabled: false, pageLoadStrategy: normal, platform: XP, platformName: XP, rotatable: false, setWindowRect: true, takesHeapSnapshot: true, takesScreenshot: true, unexpectedAlertBehaviour: , unhandledPromptBehavior: , version: 66.0.3359.139, webStorageEnabled: true}
Session ID: 0c58d63f3c202ce0e5f26de326c4be4b
at org.openqa.selenium.support.ui.WebDriverWait.timeoutException(WebDriverWait.java:81)
at org.openqa.selenium.support.ui.FluentWait.until(FluentWait.java:271)
at Base.BasePage.waitForElementVisible(BasePage.java:52)
at Pages.RegisterPage.verifypresenceOfElement(RegisterPage.java:122)
at Tests.RegisterTest.MessageDifferentPasswords(RegisterTest.java:63)
at java.base/jdk.internal.reflect.NativeMethodAccessorImpl.invoke0(Native Method)
at java.base/jdk.internal.reflect.NativeMethodAccessorImpl.invoke(Unknown Source)
at java.base/jdk.internal.reflect.DelegatingMethodAccessorImpl.invoke(Unknown Source)
at java.base/java.lang.reflect.Method.invoke(Unknown Source)
at org.testng.internal.MethodInvocationHelper.invokeMethod(MethodInvocationHelper.java:124)
at org.testng.internal.Invoker.invokeMethod(Invoker.java:580)
at org.testng.internal.Invoker.invokeTestMethod(Invoker.java:716)
at org.testng.internal.Invoker.invokeTestMethods(Invoker.java:988)
at org.testng.internal.TestMethodWorker.invokeTestMethods(TestMethodWorker.java:125)
at org.testng.internal.TestMethodWorker.run(TestMethodWorker.java:109)
at org.testng.TestRunner.privateRun(TestRunner.java:648)
at org.testng.TestRunner.run(TestRunner.java:505)
at org.testng.SuiteRunner.runTest(SuiteRunner.java:455)
at org.testng.SuiteRunner.runSequentially(SuiteRunner.java:450)
at org.testng.SuiteRunner.privateRun(SuiteRunner.java:415)
at org.testng.SuiteRunner.run(SuiteRunner.java:364)
at org.testng.SuiteRunnerWorker.runSuite(SuiteRunnerWorker.java:52)
at org.testng.SuiteRunnerWorker.run(SuiteRunnerWorker.java:84)
at org.testng.TestNG.runSuitesSequentially(TestNG.java:1208)
at org.testng.TestNG.runSuitesLocally(TestNG.java:1137)
at org.testng.TestNG.runSuites(TestNG.java:1049)
at org.testng.TestNG.run(TestNG.java:1017)
at org.testng.remote.AbstractRemoteTestNG.run(AbstractRemoteTestNG.java:114)
at org.testng.remote.RemoteTestNG.initAndRun(RemoteTestNG.java:251)
at org.testng.remote.RemoteTestNG.main(RemoteTestNG.java:77)
]]>
            </full-stacktrace>
          </exception> <!-- org.openqa.selenium.TimeoutException -->
          <reporter-output>
          </reporter-output>
        </test-method> <!-- MessageDifferentPasswords -->
        <test-method signature="MessageDifferentPasswords(java.lang.String, java.lang.String, java.lang.String, java.lang.String, java.lang.String, java.lang.String, java.lang.String, java.lang.String)[pri:9, instance:Tests.RegisterTest@1dac5ef]" started-at="2018-05-10T21:18:30Z" name="MessageDifferentPasswords" data-provider="parameterRegister" finished-at="2018-05-10T21:18:31Z" duration-ms="718" status="PASS">
          <params>
            <param index="0">
              <value>
                <![CDATA[MariFlor]]>
              </value>
            </param>
            <param index="1">
              <value>
                <![CDATA[Flori]]>
              </value>
            </param>
            <param index="2">
              <value>
                <![CDATA[mariflor@gmail.com]]>
              </value>
            </param>
            <param index="3">
              <value>
                <![CDATA[Florcita]]>
              </value>
            </param>
            <param index="4">
              <value>
                <![CDATA[flori123]]>
              </value>
            </param>
            <param index="5">
              <value>
                <![CDATA[flori123#]]>
              </value>
            </param>
            <param index="6">
              <value>
                <![CDATA[hola]]>
              </value>
            </param>
            <param index="7">
              <value>
                <![CDATA[hola]]>
              </value>
            </param>
          </params>
          <reporter-output>
          </reporter-output>
        </test-method> <!-- MessageDifferentPasswords -->
      </class> <!-- Tests.RegisterTest -->
      <class name="Tests.PostAnAdTest">
        <test-method signature="verifyToDeployUserNotLogged()[pri:12, instance:Tests.PostAnAdTest@58ea606c]" started-at="2018-05-10T21:18:35Z" name="verifyToDeployUserNotLogged" finished-at="2018-05-10T21:18:36Z" duration-ms="324" status="PASS">
          <reporter-output>
          </reporter-output>
        </test-method> <!-- verifyToDeployUserNotLogged -->
        <test-method signature="displayAllFiels(java.lang.String, java.lang.String)[pri:13, instance:Tests.PostAnAdTest@58ea606c]" started-at="2018-05-10T21:18:36Z" name="displayAllFiels" data-provider="parameterLogin" finished-at="2018-05-10T21:18:37Z" duration-ms="871" status="PASS">
          <params>
            <param index="0">
              <value>
                <![CDATA[noeliaurpi]]>
              </value>
            </param>
            <param index="1">
              <value>
                <![CDATA[Nurpi1495$]]>
              </value>
            </param>
          </params>
          <reporter-output>
          </reporter-output>
        </test-method> <!-- displayAllFiels -->
        <test-method signature="displayAllFiels(java.lang.String, java.lang.String)[pri:13, instance:Tests.PostAnAdTest@58ea606c]" started-at="2018-05-10T21:18:37Z" name="displayAllFiels" data-provider="parameterLogin" finished-at="2018-05-10T21:18:41Z" duration-ms="4235" status="FAIL">
          <params>
            <param index="0">
              <value>
                <![CDATA[noeliaurp]]>
              </value>
            </param>
            <param index="1">
              <value>
                <![CDATA[Nurpi1495$]]>
              </value>
            </param>
          </params>
          <exception class="org.openqa.selenium.TimeoutException">
            <message>
              <![CDATA[Expected condition failed: waiting for presence of element located by: By.id: ctl00_Main_PostAdWizard_SubcategoriesList_ctl00_CategoryButton (tried for 3 second(s) with 500 milliseconds interval)]]>
            </message>
            <full-stacktrace>
              <![CDATA[org.openqa.selenium.TimeoutException: Expected condition failed: waiting for presence of element located by: By.id: ctl00_Main_PostAdWizard_SubcategoriesList_ctl00_CategoryButton (tried for 3 second(s) with 500 milliseconds interval)
at org.openqa.selenium.support.ui.WebDriverWait.timeoutException(WebDriverWait.java:81)
at org.openqa.selenium.support.ui.FluentWait.until(FluentWait.java:271)
at Pages.NavigationPage.verifyLoadsFielsPostAnAd(NavigationPage.java:126)
at Tests.PostAnAdTest.displayAllFiels(PostAnAdTest.java:21)
at java.base/jdk.internal.reflect.NativeMethodAccessorImpl.invoke0(Native Method)
at java.base/jdk.internal.reflect.NativeMethodAccessorImpl.invoke(Unknown Source)
at java.base/jdk.internal.reflect.DelegatingMethodAccessorImpl.invoke(Unknown Source)
at java.base/java.lang.reflect.Method.invoke(Unknown Source)
at org.testng.internal.MethodInvocationHelper.invokeMethod(MethodInvocationHelper.java:124)
at org.testng.internal.Invoker.invokeMethod(Invoker.java:580)
at org.testng.internal.Invoker.invokeTestMethod(Invoker.java:716)
at org.testng.internal.Invoker.invokeTestMethods(Invoker.java:988)
at org.testng.internal.TestMethodWorker.invokeTestMethods(TestMethodWorker.java:125)
at org.testng.internal.TestMethodWorker.run(TestMethodWorker.java:109)
at org.testng.TestRunner.privateRun(TestRunner.java:648)
at org.testng.TestRunner.run(TestRunner.java:505)
at org.testng.SuiteRunner.runTest(SuiteRunner.java:455)
at org.testng.SuiteRunner.runSequentially(SuiteRunner.java:450)
at org.testng.SuiteRunner.privateRun(SuiteRunner.java:415)
at org.testng.SuiteRunner.run(SuiteRunner.java:364)
at org.testng.SuiteRunnerWorker.runSuite(SuiteRunnerWorker.java:52)
at org.testng.SuiteRunnerWorker.run(SuiteRunnerWorker.java:84)
at org.testng.TestNG.runSuitesSequentially(TestNG.java:1208)
at org.testng.TestNG.runSuitesLocally(TestNG.java:1137)
at org.testng.TestNG.runSuites(TestNG.java:1049)
at org.testng.TestNG.run(TestNG.java:1017)
at org.testng.remote.AbstractRemoteTestNG.run(AbstractRemoteTestNG.java:114)
at org.testng.remote.RemoteTestNG.initAndRun(RemoteTestNG.java:251)
at org.testng.remote.RemoteTestNG.main(RemoteTestNG.java:77)
Caused by: org.openqa.selenium.NoSuchElementException: Cannot locate an element using By.id: ctl00_Main_PostAdWizard_SubcategoriesList_ctl00_CategoryButton
For documentation on this error, please visit: http://seleniumhq.org/exceptions/no_such_element.html
Build info: version: '3.11.0', revision: 'e59cfb3', time: '2018-03-11T20:33:08.638Z'
System info: host: 'SCA-WS380', ip: '192.168.189.181', os.name: 'Windows 10', os.arch: 'amd64', os.version: '10.0', java.version: '10'
Driver info: driver.version: unknown
at org.openqa.selenium.support.ui.ExpectedConditions.lambda$findElement$0(ExpectedConditions.java:896)
at java.base/java.util.Optional.orElseThrow(Unknown Source)
at org.openqa.selenium.support.ui.ExpectedConditions.findElement(ExpectedConditions.java:895)
at org.openqa.selenium.support.ui.ExpectedConditions.access$000(ExpectedConditions.java:44)
at org.openqa.selenium.support.ui.ExpectedConditions$6.apply(ExpectedConditions.java:183)
at org.openqa.selenium.support.ui.ExpectedConditions$6.apply(ExpectedConditions.java:180)
at org.openqa.selenium.support.ui.FluentWait.until(FluentWait.java:248)
... 27 more
]]>
            </full-stacktrace>
          </exception> <!-- org.openqa.selenium.TimeoutException -->
          <reporter-output>
          </reporter-output>
        </test-method> <!-- displayAllFiels -->
      </class> <!-- Tests.PostAnAdTest -->
      <class name="Tests.HomePageTest">
        <test-method is-config="true" signature="setupDriver(java.lang.String, java.lang.String, java.lang.String)[pri:0, instance:Tests.HomePageTest@4e3958e7]" started-at="2018-05-10T21:18:11Z" name="setupDriver" finished-at="2018-05-10T21:18:21Z" duration-ms="9960" status="PASS">
          <params>
            <param index="0">
              <value>
                <![CDATA[chrome]]>
              </value>
            </param>
            <param index="1">
              <value>
                <![CDATA[http://qa-trainingw7:86/]]>
              </value>
            </param>
            <param index="2">
              <value>
                <![CDATA[local]]>
              </value>
            </param>
          </params>
          <reporter-output>
          </reporter-output>
        </test-method> <!-- setupDriver -->
        <test-method signature="clickButtonHomeMenu(java.lang.String, java.lang.String)[pri:0, instance:Tests.HomePageTest@4e3958e7]" started-at="2018-05-10T21:18:21Z" name="clickButtonHomeMenu" data-provider="parameterLogin" finished-at="2018-05-10T21:18:22Z" duration-ms="1158" status="PASS">
          <params>
            <param index="0">
              <value>
                <![CDATA[noeliaurpi]]>
              </value>
            </param>
            <param index="1">
              <value>
                <![CDATA[Nurpi1495$]]>
              </value>
            </param>
          </params>
          <reporter-output>
          </reporter-output>
        </test-method> <!-- clickButtonHomeMenu -->
        <test-method signature="clickButtonHomeMenu(java.lang.String, java.lang.String)[pri:0, instance:Tests.HomePageTest@4e3958e7]" started-at="2018-05-10T21:18:22Z" name="clickButtonHomeMenu" data-provider="parameterLogin" finished-at="2018-05-10T21:18:22Z" duration-ms="19" status="FAIL">
          <params>
            <param index="0">
              <value>
                <![CDATA[noeliaurp]]>
              </value>
            </param>
            <param index="1">
              <value>
                <![CDATA[Nurpi1495$]]>
              </value>
            </param>
          </params>
          <exception class="org.openqa.selenium.NoSuchElementException">
            <message>
              <![CDATA[no such element: Unable to locate element: {"method":"id","selector":"ctl00_LoginView_LoginLink"}
  (Session info: chrome=66.0.3359.139)
  (Driver info: chromedriver=2.37.544315 (730aa6a5fdba159ac9f4c1e8cbc59bf1b5ce12b7),platform=Windows NT 10.0.16299 x86_64) (WARNING: The server did not provide any stacktrace information)
Command duration or timeout: 0 milliseconds
For documentation on this error, please visit: http://seleniumhq.org/exceptions/no_such_element.html
Build info: version: '3.11.0', revision: 'e59cfb3', time: '2018-03-11T20:33:08.638Z'
System info: host: 'SCA-WS380', ip: '192.168.189.181', os.name: 'Windows 10', os.arch: 'amd64', os.version: '10.0', java.version: '10'
Driver info: org.openqa.selenium.chrome.ChromeDriver
Capabilities {acceptInsecureCerts: false, acceptSslCerts: false, applicationCacheEnabled: false, browserConnectionEnabled: false, browserName: chrome, chrome: {chromedriverVersion: 2.37.544315 (730aa6a5fdba15..., userDataDir: C:\Users\nurpi-as\AppData\L...}, cssSelectorsEnabled: true, databaseEnabled: false, handlesAlerts: true, hasTouchScreen: false, javascriptEnabled: true, locationContextEnabled: true, mobileEmulationEnabled: false, nativeEvents: true, networkConnectionEnabled: false, pageLoadStrategy: normal, platform: XP, platformName: XP, rotatable: false, setWindowRect: true, takesHeapSnapshot: true, takesScreenshot: true, unexpectedAlertBehaviour: , unhandledPromptBehavior: , version: 66.0.3359.139, webStorageEnabled: true}
Session ID: 0c58d63f3c202ce0e5f26de326c4be4b
*** Element info: {Using=id, value=ctl00_LoginView_LoginLink}]]>
            </message>
            <full-stacktrace>
              <![CDATA[org.openqa.selenium.NoSuchElementException: no such element: Unable to locate element: {"method":"id","selector":"ctl00_LoginView_LoginLink"}
  (Session info: chrome=66.0.3359.139)
  (Driver info: chromedriver=2.37.544315 (730aa6a5fdba159ac9f4c1e8cbc59bf1b5ce12b7),platform=Windows NT 10.0.16299 x86_64) (WARNING: The server did not provide any stacktrace information)
Command duration or timeout: 0 milliseconds
For documentation on this error, please visit: http://seleniumhq.org/exceptions/no_such_element.html
Build info: version: '3.11.0', revision: 'e59cfb3', time: '2018-03-11T20:33:08.638Z'
System info: host: 'SCA-WS380', ip: '192.168.189.181', os.name: 'Windows 10', os.arch: 'amd64', os.version: '10.0', java.version: '10'
Driver info: org.openqa.selenium.chrome.ChromeDriver
Capabilities {acceptInsecureCerts: false, acceptSslCerts: false, applicationCacheEnabled: false, browserConnectionEnabled: false, browserName: chrome, chrome: {chromedriverVersion: 2.37.544315 (730aa6a5fdba15..., userDataDir: C:\Users\nurpi-as\AppData\L...}, cssSelectorsEnabled: true, databaseEnabled: false, handlesAlerts: true, hasTouchScreen: false, javascriptEnabled: true, locationContextEnabled: true, mobileEmulationEnabled: false, nativeEvents: true, networkConnectionEnabled: false, pageLoadStrategy: normal, platform: XP, platformName: XP, rotatable: false, setWindowRect: true, takesHeapSnapshot: true, takesScreenshot: true, unexpectedAlertBehaviour: , unhandledPromptBehavior: , version: 66.0.3359.139, webStorageEnabled: true}
Session ID: 0c58d63f3c202ce0e5f26de326c4be4b
*** Element info: {Using=id, value=ctl00_LoginView_LoginLink}
at java.base/jdk.internal.reflect.NativeConstructorAccessorImpl.newInstance0(Native Method)
at java.base/jdk.internal.reflect.NativeConstructorAccessorImpl.newInstance(Unknown Source)
at java.base/jdk.internal.reflect.DelegatingConstructorAccessorImpl.newInstance(Unknown Source)
at java.base/java.lang.reflect.Constructor.newInstance(Unknown Source)
at org.openqa.selenium.remote.ErrorHandler.createThrowable(ErrorHandler.java:214)
at org.openqa.selenium.remote.ErrorHandler.throwIfResponseFailed(ErrorHandler.java:166)
at org.openqa.selenium.remote.http.JsonHttpResponseCodec.reconstructValue(JsonHttpResponseCodec.java:40)
at org.openqa.selenium.remote.http.AbstractHttpResponseCodec.decode(AbstractHttpResponseCodec.java:80)
at org.openqa.selenium.remote.http.AbstractHttpResponseCodec.decode(AbstractHttpResponseCodec.java:44)
at org.openqa.selenium.remote.HttpCommandExecutor.execute(HttpCommandExecutor.java:158)
at org.openqa.selenium.remote.service.DriverCommandExecutor.execute(DriverCommandExecutor.java:83)
at org.openqa.selenium.remote.RemoteWebDriver.execute(RemoteWebDriver.java:545)
at org.openqa.selenium.remote.RemoteWebDriver.findElement(RemoteWebDriver.java:319)
at org.openqa.selenium.remote.RemoteWebDriver.findElementById(RemoteWebDriver.java:365)
at org.openqa.selenium.By$ById.findElement(By.java:218)
at org.openqa.selenium.remote.RemoteWebDriver.findElement(RemoteWebDriver.java:311)
at org.openqa.selenium.support.pagefactory.DefaultElementLocator.findElement(DefaultElementLocator.java:69)
at org.openqa.selenium.support.pagefactory.internal.LocatingElementHandler.invoke(LocatingElementHandler.java:38)
at com.sun.proxy.$Proxy14.click(Unknown Source)
at Base.BasePage.clickOnElement(BasePage.java:43)
at Pages.LoginPage.buttonLoginMain(LoginPage.java:34)
at Pages.LoginPage.logIn(LoginPage.java:50)
at Tests.HomePageTest.clickButtonHomeMenu(HomePageTest.java:19)
at java.base/jdk.internal.reflect.NativeMethodAccessorImpl.invoke0(Native Method)
at java.base/jdk.internal.reflect.NativeMethodAccessorImpl.invoke(Unknown Source)
at java.base/jdk.internal.reflect.DelegatingMethodAccessorImpl.invoke(Unknown Source)
at java.base/java.lang.reflect.Method.invoke(Unknown Source)
at org.testng.internal.MethodInvocationHelper.invokeMethod(MethodInvocationHelper.java:124)
at org.testng.internal.Invoker.invokeMethod(Invoker.java:580)
at org.testng.internal.Invoker.invokeTestMethod(Invoker.java:716)
at org.testng.internal.Invoker.invokeTestMethods(Invoker.java:988)
at org.testng.internal.TestMethodWorker.invokeTestMethods(TestMethodWorker.java:125)
at org.testng.internal.TestMethodWorker.run(TestMethodWorker.java:109)
at org.testng.TestRunner.privateRun(TestRunner.java:648)
at org.testng.TestRunner.run(TestRunner.java:505)
at org.testng.SuiteRunner.runTest(SuiteRunner.java:455)
at org.testng.SuiteRunner.runSequentially(SuiteRunner.java:450)
at org.testng.SuiteRunner.privateRun(SuiteRunner.java:415)
at org.testng.SuiteRunner.run(SuiteRunner.java:364)
at org.testng.SuiteRunnerWorker.runSuite(SuiteRunnerWorker.java:52)
at org.testng.SuiteRunnerWorker.run(SuiteRunnerWorker.java:84)
at org.testng.TestNG.runSuitesSequentially(TestNG.java:1208)
at org.testng.TestNG.runSuitesLocally(TestNG.java:1137)
at org.testng.TestNG.runSuites(TestNG.java:1049)
at org.testng.TestNG.run(TestNG.java:1017)
at org.testng.remote.AbstractRemoteTestNG.run(AbstractRemoteTestNG.java:114)
at org.testng.remote.RemoteTestNG.initAndRun(RemoteTestNG.java:251)
at org.testng.remote.RemoteTestNG.main(RemoteTestNG.java:77)
]]>
            </full-stacktrace>
          </exception> <!-- org.openqa.selenium.NoSuchElementException -->
          <reporter-output>
          </reporter-output>
        </test-method> <!-- clickButtonHomeMenu -->
        <test-method signature="displayAllFiels()[pri:1, instance:Tests.HomePageTest@4e3958e7]" started-at="2018-05-10T21:18:22Z" name="displayAllFiels" finished-at="2018-05-10T21:18:22Z" duration-ms="279" status="PASS">
          <reporter-output>
          </reporter-output>
        </test-method> <!-- displayAllFiels -->
        <test-method is-config="true" signature="closeDriver()[pri:0, instance:Tests.HomePageTest@4e3958e7]" started-at="2018-05-10T21:19:01Z" name="closeDriver" finished-at="2018-05-10T21:19:02Z" duration-ms="600" status="PASS">
          <reporter-output>
          </reporter-output>
        </test-method> <!-- closeDriver -->
      </class> <!-- Tests.HomePageTest -->
      <class name="Tests.CategoriesTest">
        <test-method signature="goToCategories()[pri:14, instance:Tests.CategoriesTest@6f45df59]" started-at="2018-05-10T21:18:41Z" name="goToCategories" finished-at="2018-05-10T21:18:41Z" duration-ms="132" status="PASS">
          <reporter-output>
          </reporter-output>
        </test-method> <!-- goToCategories -->
        <test-method signature="searchAntiquesAndCollectibles(java.lang.String)[pri:15, instance:Tests.CategoriesTest@6f45df59]" started-at="2018-05-10T21:18:41Z" name="searchAntiquesAndCollectibles" data-provider="parameterCategory" finished-at="2018-05-10T21:18:42Z" duration-ms="1033" status="PASS">
          <params>
            <param index="0">
              <value>
                <![CDATA[a]]>
              </value>
            </param>
          </params>
          <reporter-output>
          </reporter-output>
        </test-method> <!-- searchAntiquesAndCollectibles -->
        <test-method signature="searchAntiquesAndCollectibles(java.lang.String)[pri:15, instance:Tests.CategoriesTest@6f45df59]" started-at="2018-05-10T21:18:42Z" name="searchAntiquesAndCollectibles" data-provider="parameterCategory" finished-at="2018-05-10T21:18:43Z" duration-ms="910" status="PASS">
          <params>
            <param index="0">
              <value>
                <![CDATA[$]]>
              </value>
            </param>
          </params>
          <reporter-output>
          </reporter-output>
        </test-method> <!-- searchAntiquesAndCollectibles -->
        <test-method signature="searchAntiquesAndCollectibles(java.lang.String)[pri:15, instance:Tests.CategoriesTest@6f45df59]" started-at="2018-05-10T21:18:43Z" name="searchAntiquesAndCollectibles" data-provider="parameterCategory" finished-at="2018-05-10T21:18:44Z" duration-ms="954" status="PASS">
          <params>
            <param index="0">
              <value>
                <![CDATA[8]]>
              </value>
            </param>
          </params>
          <reporter-output>
          </reporter-output>
        </test-method> <!-- searchAntiquesAndCollectibles -->
        <test-method signature="searchArtsAndCrafts(java.lang.String)[pri:16, instance:Tests.CategoriesTest@6f45df59]" started-at="2018-05-10T21:18:44Z" name="searchArtsAndCrafts" data-provider="parameterCategory" finished-at="2018-05-10T21:18:45Z" duration-ms="921" status="PASS">
          <params>
            <param index="0">
              <value>
                <![CDATA[a]]>
              </value>
            </param>
          </params>
          <reporter-output>
          </reporter-output>
        </test-method> <!-- searchArtsAndCrafts -->
        <test-method signature="searchArtsAndCrafts(java.lang.String)[pri:16, instance:Tests.CategoriesTest@6f45df59]" started-at="2018-05-10T21:18:45Z" name="searchArtsAndCrafts" data-provider="parameterCategory" finished-at="2018-05-10T21:18:46Z" duration-ms="899" status="PASS">
          <params>
            <param index="0">
              <value>
                <![CDATA[$]]>
              </value>
            </param>
          </params>
          <reporter-output>
          </reporter-output>
        </test-method> <!-- searchArtsAndCrafts -->
        <test-method signature="searchArtsAndCrafts(java.lang.String)[pri:16, instance:Tests.CategoriesTest@6f45df59]" started-at="2018-05-10T21:18:46Z" name="searchArtsAndCrafts" data-provider="parameterCategory" finished-at="2018-05-10T21:18:47Z" duration-ms="955" status="PASS">
          <params>
            <param index="0">
              <value>
                <![CDATA[8]]>
              </value>
            </param>
          </params>
          <reporter-output>
          </reporter-output>
        </test-method> <!-- searchArtsAndCrafts -->
        <test-method signature="searchAuto(java.lang.String)[pri:17, instance:Tests.CategoriesTest@6f45df59]" started-at="2018-05-10T21:18:47Z" name="searchAuto" data-provider="parameterCategory" finished-at="2018-05-10T21:18:48Z" duration-ms="971" status="PASS">
          <params>
            <param index="0">
              <value>
                <![CDATA[a]]>
              </value>
            </param>
          </params>
          <reporter-output>
          </reporter-output>
        </test-method> <!-- searchAuto -->
        <test-method signature="searchAuto(java.lang.String)[pri:17, instance:Tests.CategoriesTest@6f45df59]" started-at="2018-05-10T21:18:48Z" name="searchAuto" data-provider="parameterCategory" finished-at="2018-05-10T21:18:48Z" duration-ms="949" status="PASS">
          <params>
            <param index="0">
              <value>
                <![CDATA[$]]>
              </value>
            </param>
          </params>
          <reporter-output>
          </reporter-output>
        </test-method> <!-- searchAuto -->
        <test-method signature="searchAuto(java.lang.String)[pri:17, instance:Tests.CategoriesTest@6f45df59]" started-at="2018-05-10T21:18:48Z" name="searchAuto" data-provider="parameterCategory" finished-at="2018-05-10T21:18:49Z" duration-ms="958" status="PASS">
          <params>
            <param index="0">
              <value>
                <![CDATA[8]]>
              </value>
            </param>
          </params>
          <reporter-output>
          </reporter-output>
        </test-method> <!-- searchAuto -->
        <test-method signature="searchElectronics(java.lang.String)[pri:18, instance:Tests.CategoriesTest@6f45df59]" started-at="2018-05-10T21:18:49Z" name="searchElectronics" data-provider="parameterCategory" finished-at="2018-05-10T21:18:50Z" duration-ms="1008" status="PASS">
          <params>
            <param index="0">
              <value>
                <![CDATA[a]]>
              </value>
            </param>
          </params>
          <reporter-output>
          </reporter-output>
        </test-method> <!-- searchElectronics -->
        <test-method signature="searchElectronics(java.lang.String)[pri:18, instance:Tests.CategoriesTest@6f45df59]" started-at="2018-05-10T21:18:50Z" name="searchElectronics" data-provider="parameterCategory" finished-at="2018-05-10T21:18:51Z" duration-ms="959" status="PASS">
          <params>
            <param index="0">
              <value>
                <![CDATA[$]]>
              </value>
            </param>
          </params>
          <reporter-output>
          </reporter-output>
        </test-method> <!-- searchElectronics -->
        <test-method signature="searchElectronics(java.lang.String)[pri:18, instance:Tests.CategoriesTest@6f45df59]" started-at="2018-05-10T21:18:51Z" name="searchElectronics" data-provider="parameterCategory" finished-at="2018-05-10T21:18:52Z" duration-ms="1001" status="PASS">
          <params>
            <param index="0">
              <value>
                <![CDATA[8]]>
              </value>
            </param>
          </params>
          <reporter-output>
          </reporter-output>
        </test-method> <!-- searchElectronics -->
        <test-method signature="searchGarden(java.lang.String)[pri:19, instance:Tests.CategoriesTest@6f45df59]" started-at="2018-05-10T21:18:52Z" name="searchGarden" data-provider="parameterCategory" finished-at="2018-05-10T21:18:53Z" duration-ms="1004" status="PASS">
          <params>
            <param index="0">
              <value>
                <![CDATA[a]]>
              </value>
            </param>
          </params>
          <reporter-output>
          </reporter-output>
        </test-method> <!-- searchGarden -->
        <test-method signature="searchGarden(java.lang.String)[pri:19, instance:Tests.CategoriesTest@6f45df59]" started-at="2018-05-10T21:18:53Z" name="searchGarden" data-provider="parameterCategory" finished-at="2018-05-10T21:18:54Z" duration-ms="1005" status="PASS">
          <params>
            <param index="0">
              <value>
                <![CDATA[$]]>
              </value>
            </param>
          </params>
          <reporter-output>
          </reporter-output>
        </test-method> <!-- searchGarden -->
        <test-method signature="searchGarden(java.lang.String)[pri:19, instance:Tests.CategoriesTest@6f45df59]" started-at="2018-05-10T21:18:54Z" name="searchGarden" data-provider="parameterCategory" finished-at="2018-05-10T21:18:55Z" duration-ms="1011" status="PASS">
          <params>
            <param index="0">
              <value>
                <![CDATA[8]]>
              </value>
            </param>
          </params>
          <reporter-output>
          </reporter-output>
        </test-method> <!-- searchGarden -->
        <test-method signature="searchHome(java.lang.String)[pri:20, instance:Tests.CategoriesTest@6f45df59]" started-at="2018-05-10T21:18:55Z" name="searchHome" data-provider="parameterCategory" finished-at="2018-05-10T21:18:56Z" duration-ms="1014" status="PASS">
          <params>
            <param index="0">
              <value>
                <![CDATA[a]]>
              </value>
            </param>
          </params>
          <reporter-output>
          </reporter-output>
        </test-method> <!-- searchHome -->
        <test-method signature="searchHome(java.lang.String)[pri:20, instance:Tests.CategoriesTest@6f45df59]" started-at="2018-05-10T21:18:56Z" name="searchHome" data-provider="parameterCategory" finished-at="2018-05-10T21:18:57Z" duration-ms="1009" status="PASS">
          <params>
            <param index="0">
              <value>
                <![CDATA[$]]>
              </value>
            </param>
          </params>
          <reporter-output>
          </reporter-output>
        </test-method> <!-- searchHome -->
        <test-method signature="searchHome(java.lang.String)[pri:20, instance:Tests.CategoriesTest@6f45df59]" started-at="2018-05-10T21:18:57Z" name="searchHome" data-provider="parameterCategory" finished-at="2018-05-10T21:18:58Z" duration-ms="1020" status="PASS">
          <params>
            <param index="0">
              <value>
                <![CDATA[8]]>
              </value>
            </param>
          </params>
          <reporter-output>
          </reporter-output>
        </test-method> <!-- searchHome -->
        <test-method signature="searchMusic(java.lang.String)[pri:21, instance:Tests.CategoriesTest@6f45df59]" started-at="2018-05-10T21:18:58Z" name="searchMusic" data-provider="parameterCategory" finished-at="2018-05-10T21:18:59Z" duration-ms="992" status="PASS">
          <params>
            <param index="0">
              <value>
                <![CDATA[a]]>
              </value>
            </param>
          </params>
          <reporter-output>
          </reporter-output>
        </test-method> <!-- searchMusic -->
        <test-method signature="searchMusic(java.lang.String)[pri:21, instance:Tests.CategoriesTest@6f45df59]" started-at="2018-05-10T21:18:59Z" name="searchMusic" data-provider="parameterCategory" finished-at="2018-05-10T21:19:00Z" duration-ms="1006" status="PASS">
          <params>
            <param index="0">
              <value>
                <![CDATA[$]]>
              </value>
            </param>
          </params>
          <reporter-output>
          </reporter-output>
        </test-method> <!-- searchMusic -->
        <test-method signature="searchMusic(java.lang.String)[pri:21, instance:Tests.CategoriesTest@6f45df59]" started-at="2018-05-10T21:19:00Z" name="searchMusic" data-provider="parameterCategory" finished-at="2018-05-10T21:19:01Z" duration-ms="1015" status="PASS">
          <params>
            <param index="0">
              <value>
                <![CDATA[8]]>
              </value>
            </param>
          </params>
          <reporter-output>
          </reporter-output>
        </test-method> <!-- searchMusic -->
      </class> <!-- Tests.CategoriesTest -->
      <class name="Tests.LoginTest">
        <test-method signature="displayMenuLoginPage()[pri:2, instance:Tests.LoginTest@77f80c04]" started-at="2018-05-10T21:18:22Z" name="displayMenuLoginPage" finished-at="2018-05-10T21:18:22Z" duration-ms="155" status="PASS">
          <reporter-output>
          </reporter-output>
        </test-method> <!-- displayMenuLoginPage -->
        <test-method signature="displayPageLogin()[pri:3, instance:Tests.LoginTest@77f80c04]" started-at="2018-05-10T21:18:22Z" name="displayPageLogin" finished-at="2018-05-10T21:18:23Z" duration-ms="240" status="PASS">
          <reporter-output>
          </reporter-output>
        </test-method> <!-- displayPageLogin -->
        <test-method signature="verifyCredentialsLogin(java.lang.String, java.lang.String)[pri:4, instance:Tests.LoginTest@77f80c04]" started-at="2018-05-10T21:18:23Z" name="verifyCredentialsLogin" data-provider="parameterLogin" finished-at="2018-05-10T21:18:23Z" duration-ms="629" status="PASS">
          <params>
            <param index="0">
              <value>
                <![CDATA[noeliaurpi]]>
              </value>
            </param>
            <param index="1">
              <value>
                <![CDATA[Nurpi1495$]]>
              </value>
            </param>
          </params>
          <reporter-output>
          </reporter-output>
        </test-method> <!-- verifyCredentialsLogin -->
        <test-method signature="verifyCredentialsLogin(java.lang.String, java.lang.String)[pri:4, instance:Tests.LoginTest@77f80c04]" started-at="2018-05-10T21:18:23Z" name="verifyCredentialsLogin" data-provider="parameterLogin" finished-at="2018-05-10T21:18:24Z" duration-ms="344" status="FAIL">
          <params>
            <param index="0">
              <value>
                <![CDATA[noeliaurp]]>
              </value>
            </param>
            <param index="1">
              <value>
                <![CDATA[Nurpi1495$]]>
              </value>
            </param>
          </params>
          <exception class="org.openqa.selenium.NoSuchElementException">
            <message>
              <![CDATA[no such element: Unable to locate element: {"method":"id","selector":"ctl00_LoginView_MemberName"}
  (Session info: chrome=66.0.3359.139)
  (Driver info: chromedriver=2.37.544315 (730aa6a5fdba159ac9f4c1e8cbc59bf1b5ce12b7),platform=Windows NT 10.0.16299 x86_64) (WARNING: The server did not provide any stacktrace information)
Command duration or timeout: 0 milliseconds
For documentation on this error, please visit: http://seleniumhq.org/exceptions/no_such_element.html
Build info: version: '3.11.0', revision: 'e59cfb3', time: '2018-03-11T20:33:08.638Z'
System info: host: 'SCA-WS380', ip: '192.168.189.181', os.name: 'Windows 10', os.arch: 'amd64', os.version: '10.0', java.version: '10'
Driver info: org.openqa.selenium.chrome.ChromeDriver
Capabilities {acceptInsecureCerts: false, acceptSslCerts: false, applicationCacheEnabled: false, browserConnectionEnabled: false, browserName: chrome, chrome: {chromedriverVersion: 2.37.544315 (730aa6a5fdba15..., userDataDir: C:\Users\nurpi-as\AppData\L...}, cssSelectorsEnabled: true, databaseEnabled: false, handlesAlerts: true, hasTouchScreen: false, javascriptEnabled: true, locationContextEnabled: true, mobileEmulationEnabled: false, nativeEvents: true, networkConnectionEnabled: false, pageLoadStrategy: normal, platform: XP, platformName: XP, rotatable: false, setWindowRect: true, takesHeapSnapshot: true, takesScreenshot: true, unexpectedAlertBehaviour: , unhandledPromptBehavior: , version: 66.0.3359.139, webStorageEnabled: true}
Session ID: 0c58d63f3c202ce0e5f26de326c4be4b
*** Element info: {Using=id, value=ctl00_LoginView_MemberName}]]>
            </message>
            <full-stacktrace>
              <![CDATA[org.openqa.selenium.NoSuchElementException: no such element: Unable to locate element: {"method":"id","selector":"ctl00_LoginView_MemberName"}
  (Session info: chrome=66.0.3359.139)
  (Driver info: chromedriver=2.37.544315 (730aa6a5fdba159ac9f4c1e8cbc59bf1b5ce12b7),platform=Windows NT 10.0.16299 x86_64) (WARNING: The server did not provide any stacktrace information)
Command duration or timeout: 0 milliseconds
For documentation on this error, please visit: http://seleniumhq.org/exceptions/no_such_element.html
Build info: version: '3.11.0', revision: 'e59cfb3', time: '2018-03-11T20:33:08.638Z'
System info: host: 'SCA-WS380', ip: '192.168.189.181', os.name: 'Windows 10', os.arch: 'amd64', os.version: '10.0', java.version: '10'
Driver info: org.openqa.selenium.chrome.ChromeDriver
Capabilities {acceptInsecureCerts: false, acceptSslCerts: false, applicationCacheEnabled: false, browserConnectionEnabled: false, browserName: chrome, chrome: {chromedriverVersion: 2.37.544315 (730aa6a5fdba15..., userDataDir: C:\Users\nurpi-as\AppData\L...}, cssSelectorsEnabled: true, databaseEnabled: false, handlesAlerts: true, hasTouchScreen: false, javascriptEnabled: true, locationContextEnabled: true, mobileEmulationEnabled: false, nativeEvents: true, networkConnectionEnabled: false, pageLoadStrategy: normal, platform: XP, platformName: XP, rotatable: false, setWindowRect: true, takesHeapSnapshot: true, takesScreenshot: true, unexpectedAlertBehaviour: , unhandledPromptBehavior: , version: 66.0.3359.139, webStorageEnabled: true}
Session ID: 0c58d63f3c202ce0e5f26de326c4be4b
*** Element info: {Using=id, value=ctl00_LoginView_MemberName}
at java.base/jdk.internal.reflect.NativeConstructorAccessorImpl.newInstance0(Native Method)
at java.base/jdk.internal.reflect.NativeConstructorAccessorImpl.newInstance(Unknown Source)
at java.base/jdk.internal.reflect.DelegatingConstructorAccessorImpl.newInstance(Unknown Source)
at java.base/java.lang.reflect.Constructor.newInstance(Unknown Source)
at org.openqa.selenium.remote.ErrorHandler.createThrowable(ErrorHandler.java:214)
at org.openqa.selenium.remote.ErrorHandler.throwIfResponseFailed(ErrorHandler.java:166)
at org.openqa.selenium.remote.http.JsonHttpResponseCodec.reconstructValue(JsonHttpResponseCodec.java:40)
at org.openqa.selenium.remote.http.AbstractHttpResponseCodec.decode(AbstractHttpResponseCodec.java:80)
at org.openqa.selenium.remote.http.AbstractHttpResponseCodec.decode(AbstractHttpResponseCodec.java:44)
at org.openqa.selenium.remote.HttpCommandExecutor.execute(HttpCommandExecutor.java:158)
at org.openqa.selenium.remote.service.DriverCommandExecutor.execute(DriverCommandExecutor.java:83)
at org.openqa.selenium.remote.RemoteWebDriver.execute(RemoteWebDriver.java:545)
at org.openqa.selenium.remote.RemoteWebDriver.findElement(RemoteWebDriver.java:319)
at org.openqa.selenium.remote.RemoteWebDriver.findElementById(RemoteWebDriver.java:365)
at org.openqa.selenium.By$ById.findElement(By.java:218)
at org.openqa.selenium.remote.RemoteWebDriver.findElement(RemoteWebDriver.java:311)
at Pages.HomePage.verifyUsr(HomePage.java:59)
at Tests.LoginTest.verifyCredentialsLogin(LoginTest.java:42)
at java.base/jdk.internal.reflect.NativeMethodAccessorImpl.invoke0(Native Method)
at java.base/jdk.internal.reflect.NativeMethodAccessorImpl.invoke(Unknown Source)
at java.base/jdk.internal.reflect.DelegatingMethodAccessorImpl.invoke(Unknown Source)
at java.base/java.lang.reflect.Method.invoke(Unknown Source)
at org.testng.internal.MethodInvocationHelper.invokeMethod(MethodInvocationHelper.java:124)
at org.testng.internal.Invoker.invokeMethod(Invoker.java:580)
at org.testng.internal.Invoker.invokeTestMethod(Invoker.java:716)
at org.testng.internal.Invoker.invokeTestMethods(Invoker.java:988)
at org.testng.internal.TestMethodWorker.invokeTestMethods(TestMethodWorker.java:125)
at org.testng.internal.TestMethodWorker.run(TestMethodWorker.java:109)
at org.testng.TestRunner.privateRun(TestRunner.java:648)
at org.testng.TestRunner.run(TestRunner.java:505)
at org.testng.SuiteRunner.runTest(SuiteRunner.java:455)
at org.testng.SuiteRunner.runSequentially(SuiteRunner.java:450)
at org.testng.SuiteRunner.privateRun(SuiteRunner.java:415)
at org.testng.SuiteRunner.run(SuiteRunner.java:364)
at org.testng.SuiteRunnerWorker.runSuite(SuiteRunnerWorker.java:52)
at org.testng.SuiteRunnerWorker.run(SuiteRunnerWorker.java:84)
at org.testng.TestNG.runSuitesSequentially(TestNG.java:1208)
at org.testng.TestNG.runSuitesLocally(TestNG.java:1137)
at org.testng.TestNG.runSuites(TestNG.java:1049)
at org.testng.TestNG.run(TestNG.java:1017)
at org.testng.remote.AbstractRemoteTestNG.run(AbstractRemoteTestNG.java:114)
at org.testng.remote.RemoteTestNG.initAndRun(RemoteTestNG.java:251)
at org.testng.remote.RemoteTestNG.main(RemoteTestNG.java:77)
]]>
            </full-stacktrace>
          </exception> <!-- org.openqa.selenium.NoSuchElementException -->
          <reporter-output>
          </reporter-output>
        </test-method> <!-- verifyCredentialsLogin -->
      </class> <!-- Tests.LoginTest -->
      <class name="Tests.MyAdsAndProfileTest">
        <test-method signature="verifyToDeployLoginUserNotLogged()[pri:10, instance:Tests.MyAdsAndProfileTest@5c90e579]" started-at="2018-05-10T21:18:31Z" name="verifyToDeployLoginUserNotLogged" finished-at="2018-05-10T21:18:31Z" duration-ms="314" status="PASS">
          <reporter-output>
          </reporter-output>
        </test-method> <!-- verifyToDeployLoginUserNotLogged -->
        <test-method signature="verifyToDeployAllFielsUserLogged(java.lang.String, java.lang.String)[pri:11, instance:Tests.MyAdsAndProfileTest@5c90e579]" started-at="2018-05-10T21:18:31Z" name="verifyToDeployAllFielsUserLogged" data-provider="parameterLogin" finished-at="2018-05-10T21:18:32Z" duration-ms="916" status="PASS">
          <params>
            <param index="0">
              <value>
                <![CDATA[noeliaurpi]]>
              </value>
            </param>
            <param index="1">
              <value>
                <![CDATA[Nurpi1495$]]>
              </value>
            </param>
          </params>
          <reporter-output>
          </reporter-output>
        </test-method> <!-- verifyToDeployAllFielsUserLogged -->
        <test-method signature="verifyToDeployAllFielsUserLogged(java.lang.String, java.lang.String)[pri:11, instance:Tests.MyAdsAndProfileTest@5c90e579]" started-at="2018-05-10T21:18:32Z" name="verifyToDeployAllFielsUserLogged" data-provider="parameterLogin" finished-at="2018-05-10T21:18:35Z" duration-ms="3544" status="FAIL">
          <params>
            <param index="0">
              <value>
                <![CDATA[noeliaurp]]>
              </value>
            </param>
            <param index="1">
              <value>
                <![CDATA[Nurpi1495$]]>
              </value>
            </param>
          </params>
          <exception class="org.openqa.selenium.TimeoutException">
            <message>
              <![CDATA[Expected condition failed: waiting for presence of element located by: By.id: ctl00_Main_CurrentAdsButton (tried for 3 second(s) with 500 milliseconds interval)]]>
            </message>
            <full-stacktrace>
              <![CDATA[org.openqa.selenium.TimeoutException: Expected condition failed: waiting for presence of element located by: By.id: ctl00_Main_CurrentAdsButton (tried for 3 second(s) with 500 milliseconds interval)
at org.openqa.selenium.support.ui.WebDriverWait.timeoutException(WebDriverWait.java:81)
at org.openqa.selenium.support.ui.FluentWait.until(FluentWait.java:271)
at Pages.NavigationPage.verifyLoadFielsMyAdsAndProfile(NavigationPage.java:95)
at Tests.MyAdsAndProfileTest.verifyToDeployAllFielsUserLogged(MyAdsAndProfileTest.java:21)
at java.base/jdk.internal.reflect.NativeMethodAccessorImpl.invoke0(Native Method)
at java.base/jdk.internal.reflect.NativeMethodAccessorImpl.invoke(Unknown Source)
at java.base/jdk.internal.reflect.DelegatingMethodAccessorImpl.invoke(Unknown Source)
at java.base/java.lang.reflect.Method.invoke(Unknown Source)
at org.testng.internal.MethodInvocationHelper.invokeMethod(MethodInvocationHelper.java:124)
at org.testng.internal.Invoker.invokeMethod(Invoker.java:580)
at org.testng.internal.Invoker.invokeTestMethod(Invoker.java:716)
at org.testng.internal.Invoker.invokeTestMethods(Invoker.java:988)
at org.testng.internal.TestMethodWorker.invokeTestMethods(TestMethodWorker.java:125)
at org.testng.internal.TestMethodWorker.run(TestMethodWorker.java:109)
at org.testng.TestRunner.privateRun(TestRunner.java:648)
at org.testng.TestRunner.run(TestRunner.java:505)
at org.testng.SuiteRunner.runTest(SuiteRunner.java:455)
at org.testng.SuiteRunner.runSequentially(SuiteRunner.java:450)
at org.testng.SuiteRunner.privateRun(SuiteRunner.java:415)
at org.testng.SuiteRunner.run(SuiteRunner.java:364)
at org.testng.SuiteRunnerWorker.runSuite(SuiteRunnerWorker.java:52)
at org.testng.SuiteRunnerWorker.run(SuiteRunnerWorker.java:84)
at org.testng.TestNG.runSuitesSequentially(TestNG.java:1208)
at org.testng.TestNG.runSuitesLocally(TestNG.java:1137)
at org.testng.TestNG.runSuites(TestNG.java:1049)
at org.testng.TestNG.run(TestNG.java:1017)
at org.testng.remote.AbstractRemoteTestNG.run(AbstractRemoteTestNG.java:114)
at org.testng.remote.RemoteTestNG.initAndRun(RemoteTestNG.java:251)
at org.testng.remote.RemoteTestNG.main(RemoteTestNG.java:77)
Caused by: org.openqa.selenium.NoSuchElementException: Cannot locate an element using By.id: ctl00_Main_CurrentAdsButton
For documentation on this error, please visit: http://seleniumhq.org/exceptions/no_such_element.html
Build info: version: '3.11.0', revision: 'e59cfb3', time: '2018-03-11T20:33:08.638Z'
System info: host: 'SCA-WS380', ip: '192.168.189.181', os.name: 'Windows 10', os.arch: 'amd64', os.version: '10.0', java.version: '10'
Driver info: driver.version: unknown
at org.openqa.selenium.support.ui.ExpectedConditions.lambda$findElement$0(ExpectedConditions.java:896)
at java.base/java.util.Optional.orElseThrow(Unknown Source)
at org.openqa.selenium.support.ui.ExpectedConditions.findElement(ExpectedConditions.java:895)
at org.openqa.selenium.support.ui.ExpectedConditions.access$000(ExpectedConditions.java:44)
at org.openqa.selenium.support.ui.ExpectedConditions$6.apply(ExpectedConditions.java:183)
at org.openqa.selenium.support.ui.ExpectedConditions$6.apply(ExpectedConditions.java:180)
at org.openqa.selenium.support.ui.FluentWait.until(FluentWait.java:248)
... 27 more
]]>
            </full-stacktrace>
          </exception> <!-- org.openqa.selenium.TimeoutException -->
          <reporter-output>
          </reporter-output>
        </test-method> <!-- verifyToDeployAllFielsUserLogged -->
      </class> <!-- Tests.MyAdsAndProfileTest -->
    </test> <!-- TestWithChrome -->
    <test started-at="2018-05-10T21:19:02Z" name="TestWithFirefox" finished-at="2018-05-10T21:19:54Z" duration-ms="52149">
      <class name="Tests.RegisterTest">
        <test-method signature="displayMenuRegisterPage()[pri:5, instance:Tests.RegisterTest@3571b748]" started-at="2018-05-10T21:19:13Z" name="displayMenuRegisterPage" finished-at="2018-05-10T21:19:13Z" duration-ms="136" status="PASS">
          <reporter-output>
          </reporter-output>
        </test-method> <!-- displayMenuRegisterPage -->
        <test-method signature="DisplayPageRegister()[pri:6, instance:Tests.RegisterTest@3571b748]" started-at="2018-05-10T21:19:13Z" name="DisplayPageRegister" finished-at="2018-05-10T21:19:13Z" duration-ms="405" status="PASS">
          <reporter-output>
          </reporter-output>
        </test-method> <!-- DisplayPageRegister -->
        <test-method signature="MandatoryMessageDisplayed()[pri:7, instance:Tests.RegisterTest@3571b748]" started-at="2018-05-10T21:19:13Z" name="MandatoryMessageDisplayed" finished-at="2018-05-10T21:19:14Z" duration-ms="662" status="PASS">
          <reporter-output>
          </reporter-output>
        </test-method> <!-- MandatoryMessageDisplayed -->
        <test-method signature="MessageWhenUserExist(java.lang.String, java.lang.String, java.lang.String, java.lang.String, java.lang.String, java.lang.String, java.lang.String, java.lang.String)[pri:8, instance:Tests.RegisterTest@3571b748]" started-at="2018-05-10T21:19:14Z" name="MessageWhenUserExist" data-provider="parameterRegister" finished-at="2018-05-10T21:19:15Z" duration-ms="1665" status="PASS">
          <params>
            <param index="0">
              <value>
                <![CDATA[Clarisa]]>
              </value>
            </param>
            <param index="1">
              <value>
                <![CDATA[Vela]]>
              </value>
            </param>
            <param index="2">
              <value>
                <![CDATA[clarivela@gmail.com]]>
              </value>
            </param>
            <param index="3">
              <value>
                <![CDATA[Clave]]>
              </value>
            </param>
            <param index="4">
              <value>
                <![CDATA[clave123#]]>
              </value>
            </param>
            <param index="5">
              <value>
                <![CDATA[clave123#]]>
              </value>
            </param>
            <param index="6">
              <value>
                <![CDATA[hola]]>
              </value>
            </param>
            <param index="7">
              <value>
                <![CDATA[hola]]>
              </value>
            </param>
          </params>
          <reporter-output>
          </reporter-output>
        </test-method> <!-- MessageWhenUserExist -->
        <test-method signature="MessageWhenUserExist(java.lang.String, java.lang.String, java.lang.String, java.lang.String, java.lang.String, java.lang.String, java.lang.String, java.lang.String)[pri:8, instance:Tests.RegisterTest@3571b748]" started-at="2018-05-10T21:19:15Z" name="MessageWhenUserExist" data-provider="parameterRegister" finished-at="2018-05-10T21:19:16Z" duration-ms="700" status="FAIL">
          <params>
            <param index="0">
              <value>
                <![CDATA[MariFlor]]>
              </value>
            </param>
            <param index="1">
              <value>
                <![CDATA[Flori]]>
              </value>
            </param>
            <param index="2">
              <value>
                <![CDATA[mariflor@gmail.com]]>
              </value>
            </param>
            <param index="3">
              <value>
                <![CDATA[Florcita]]>
              </value>
            </param>
            <param index="4">
              <value>
                <![CDATA[flori123]]>
              </value>
            </param>
            <param index="5">
              <value>
                <![CDATA[flori123#]]>
              </value>
            </param>
            <param index="6">
              <value>
                <![CDATA[hola]]>
              </value>
            </param>
            <param index="7">
              <value>
                <![CDATA[hola]]>
              </value>
            </param>
          </params>
          <exception class="org.openqa.selenium.NoSuchElementException">
            <message>
              <![CDATA[Unable to locate element: #ctl00_Main_InfoLabel
For documentation on this error, please visit: http://seleniumhq.org/exceptions/no_such_element.html
Build info: version: '3.11.0', revision: 'e59cfb3', time: '2018-03-11T20:33:08.638Z'
System info: host: 'SCA-WS380', ip: '192.168.189.181', os.name: 'Windows 10', os.arch: 'amd64', os.version: '10.0', java.version: '10'
Driver info: org.openqa.selenium.firefox.FirefoxDriver
Capabilities {acceptInsecureCerts: true, browserName: firefox, browserVersion: 60.0, javascriptEnabled: true, moz:accessibilityChecks: false, moz:headless: false, moz:processID: 1432, moz:profile: C:\Users\nurpi-as\AppData\L..., moz:useNonSpecCompliantPointerOrigin: false, moz:webdriverClick: true, pageLoadStrategy: normal, platform: XP, platformName: XP, platformVersion: 10.0, rotatable: false, timeouts: {implicit: 0, pageLoad: 300000, script: 30000}}
Session ID: 0e198700-c5ca-4ca5-b986-619fbe9f75e6
*** Element info: {Using=id, value=ctl00_Main_InfoLabel}]]>
            </message>
            <full-stacktrace>
              <![CDATA[org.openqa.selenium.NoSuchElementException: Unable to locate element: #ctl00_Main_InfoLabel
For documentation on this error, please visit: http://seleniumhq.org/exceptions/no_such_element.html
Build info: version: '3.11.0', revision: 'e59cfb3', time: '2018-03-11T20:33:08.638Z'
System info: host: 'SCA-WS380', ip: '192.168.189.181', os.name: 'Windows 10', os.arch: 'amd64', os.version: '10.0', java.version: '10'
Driver info: org.openqa.selenium.firefox.FirefoxDriver
Capabilities {acceptInsecureCerts: true, browserName: firefox, browserVersion: 60.0, javascriptEnabled: true, moz:accessibilityChecks: false, moz:headless: false, moz:processID: 1432, moz:profile: C:\Users\nurpi-as\AppData\L..., moz:useNonSpecCompliantPointerOrigin: false, moz:webdriverClick: true, pageLoadStrategy: normal, platform: XP, platformName: XP, platformVersion: 10.0, rotatable: false, timeouts: {implicit: 0, pageLoad: 300000, script: 30000}}
Session ID: 0e198700-c5ca-4ca5-b986-619fbe9f75e6
*** Element info: {Using=id, value=ctl00_Main_InfoLabel}
at java.base/jdk.internal.reflect.NativeConstructorAccessorImpl.newInstance0(Native Method)
at java.base/jdk.internal.reflect.NativeConstructorAccessorImpl.newInstance(Unknown Source)
at java.base/jdk.internal.reflect.DelegatingConstructorAccessorImpl.newInstance(Unknown Source)
at java.base/java.lang.reflect.Constructor.newInstance(Unknown Source)
at org.openqa.selenium.remote.http.W3CHttpResponseCodec.createException(W3CHttpResponseCodec.java:187)
at org.openqa.selenium.remote.http.W3CHttpResponseCodec.decode(W3CHttpResponseCodec.java:122)
at org.openqa.selenium.remote.http.W3CHttpResponseCodec.decode(W3CHttpResponseCodec.java:49)
at org.openqa.selenium.remote.HttpCommandExecutor.execute(HttpCommandExecutor.java:158)
at org.openqa.selenium.remote.service.DriverCommandExecutor.execute(DriverCommandExecutor.java:83)
at org.openqa.selenium.remote.RemoteWebDriver.execute(RemoteWebDriver.java:545)
at org.openqa.selenium.remote.RemoteWebDriver.findElement(RemoteWebDriver.java:319)
at org.openqa.selenium.remote.RemoteWebDriver.findElementById(RemoteWebDriver.java:365)
at org.openqa.selenium.By$ById.findElement(By.java:218)
at org.openqa.selenium.remote.RemoteWebDriver.findElement(RemoteWebDriver.java:311)
at Pages.RegisterPage.verifypresenceOfElement(RegisterPage.java:121)
at Tests.RegisterTest.MessageWhenUserExist(RegisterTest.java:54)
at java.base/jdk.internal.reflect.NativeMethodAccessorImpl.invoke0(Native Method)
at java.base/jdk.internal.reflect.NativeMethodAccessorImpl.invoke(Unknown Source)
at java.base/jdk.internal.reflect.DelegatingMethodAccessorImpl.invoke(Unknown Source)
at java.base/java.lang.reflect.Method.invoke(Unknown Source)
at org.testng.internal.MethodInvocationHelper.invokeMethod(MethodInvocationHelper.java:124)
at org.testng.internal.Invoker.invokeMethod(Invoker.java:580)
at org.testng.internal.Invoker.invokeTestMethod(Invoker.java:716)
at org.testng.internal.Invoker.invokeTestMethods(Invoker.java:988)
at org.testng.internal.TestMethodWorker.invokeTestMethods(TestMethodWorker.java:125)
at org.testng.internal.TestMethodWorker.run(TestMethodWorker.java:109)
at org.testng.TestRunner.privateRun(TestRunner.java:648)
at org.testng.TestRunner.run(TestRunner.java:505)
at org.testng.SuiteRunner.runTest(SuiteRunner.java:455)
at org.testng.SuiteRunner.runSequentially(SuiteRunner.java:450)
at org.testng.SuiteRunner.privateRun(SuiteRunner.java:415)
at org.testng.SuiteRunner.run(SuiteRunner.java:364)
at org.testng.SuiteRunnerWorker.runSuite(SuiteRunnerWorker.java:52)
at org.testng.SuiteRunnerWorker.run(SuiteRunnerWorker.java:84)
at org.testng.TestNG.runSuitesSequentially(TestNG.java:1208)
at org.testng.TestNG.runSuitesLocally(TestNG.java:1137)
at org.testng.TestNG.runSuites(TestNG.java:1049)
at org.testng.TestNG.run(TestNG.java:1017)
at org.testng.remote.AbstractRemoteTestNG.run(AbstractRemoteTestNG.java:114)
at org.testng.remote.RemoteTestNG.initAndRun(RemoteTestNG.java:251)
at org.testng.remote.RemoteTestNG.main(RemoteTestNG.java:77)
]]>
            </full-stacktrace>
          </exception> <!-- org.openqa.selenium.NoSuchElementException -->
          <reporter-output>
          </reporter-output>
        </test-method> <!-- MessageWhenUserExist -->
        <test-method signature="MessageDifferentPasswords(java.lang.String, java.lang.String, java.lang.String, java.lang.String, java.lang.String, java.lang.String, java.lang.String, java.lang.String)[pri:9, instance:Tests.RegisterTest@3571b748]" started-at="2018-05-10T21:19:16Z" name="MessageDifferentPasswords" data-provider="parameterRegister" finished-at="2018-05-10T21:19:20Z" duration-ms="3925" status="FAIL">
          <params>
            <param index="0">
              <value>
                <![CDATA[Clarisa]]>
              </value>
            </param>
            <param index="1">
              <value>
                <![CDATA[Vela]]>
              </value>
            </param>
            <param index="2">
              <value>
                <![CDATA[clarivela@gmail.com]]>
              </value>
            </param>
            <param index="3">
              <value>
                <![CDATA[Clave]]>
              </value>
            </param>
            <param index="4">
              <value>
                <![CDATA[clave123#]]>
              </value>
            </param>
            <param index="5">
              <value>
                <![CDATA[clave123#]]>
              </value>
            </param>
            <param index="6">
              <value>
                <![CDATA[hola]]>
              </value>
            </param>
            <param index="7">
              <value>
                <![CDATA[hola]]>
              </value>
            </param>
          </params>
          <exception class="org.openqa.selenium.TimeoutException">
            <message>
              <![CDATA[Expected condition failed: waiting for visibility of all [[[FirefoxDriver: firefox on XP (0e198700-c5ca-4ca5-b986-619fbe9f75e6)] -> id: ctl00_Main_CreateUserWizardControl_CreateUserStepContainer_PasswordCompare]] (tried for 3 second(s) with 500 milliseconds interval)
Build info: version: '3.11.0', revision: 'e59cfb3', time: '2018-03-11T20:33:08.638Z'
System info: host: 'SCA-WS380', ip: '192.168.189.181', os.name: 'Windows 10', os.arch: 'amd64', os.version: '10.0', java.version: '10'
Driver info: org.openqa.selenium.firefox.FirefoxDriver
Capabilities {acceptInsecureCerts: true, browserName: firefox, browserVersion: 60.0, javascriptEnabled: true, moz:accessibilityChecks: false, moz:headless: false, moz:processID: 1432, moz:profile: C:\Users\nurpi-as\AppData\L..., moz:useNonSpecCompliantPointerOrigin: false, moz:webdriverClick: true, pageLoadStrategy: normal, platform: XP, platformName: XP, platformVersion: 10.0, rotatable: false, timeouts: {implicit: 0, pageLoad: 300000, script: 30000}}
Session ID: 0e198700-c5ca-4ca5-b986-619fbe9f75e6]]>
            </message>
            <full-stacktrace>
              <![CDATA[org.openqa.selenium.TimeoutException: Expected condition failed: waiting for visibility of all [[[FirefoxDriver: firefox on XP (0e198700-c5ca-4ca5-b986-619fbe9f75e6)] -> id: ctl00_Main_CreateUserWizardControl_CreateUserStepContainer_PasswordCompare]] (tried for 3 second(s) with 500 milliseconds interval)
Build info: version: '3.11.0', revision: 'e59cfb3', time: '2018-03-11T20:33:08.638Z'
System info: host: 'SCA-WS380', ip: '192.168.189.181', os.name: 'Windows 10', os.arch: 'amd64', os.version: '10.0', java.version: '10'
Driver info: org.openqa.selenium.firefox.FirefoxDriver
Capabilities {acceptInsecureCerts: true, browserName: firefox, browserVersion: 60.0, javascriptEnabled: true, moz:accessibilityChecks: false, moz:headless: false, moz:processID: 1432, moz:profile: C:\Users\nurpi-as\AppData\L..., moz:useNonSpecCompliantPointerOrigin: false, moz:webdriverClick: true, pageLoadStrategy: normal, platform: XP, platformName: XP, platformVersion: 10.0, rotatable: false, timeouts: {implicit: 0, pageLoad: 300000, script: 30000}}
Session ID: 0e198700-c5ca-4ca5-b986-619fbe9f75e6
at org.openqa.selenium.support.ui.WebDriverWait.timeoutException(WebDriverWait.java:81)
at org.openqa.selenium.support.ui.FluentWait.until(FluentWait.java:271)
at Base.BasePage.waitForElementVisible(BasePage.java:52)
at Pages.RegisterPage.verifypresenceOfElement(RegisterPage.java:122)
at Tests.RegisterTest.MessageDifferentPasswords(RegisterTest.java:63)
at java.base/jdk.internal.reflect.NativeMethodAccessorImpl.invoke0(Native Method)
at java.base/jdk.internal.reflect.NativeMethodAccessorImpl.invoke(Unknown Source)
at java.base/jdk.internal.reflect.DelegatingMethodAccessorImpl.invoke(Unknown Source)
at java.base/java.lang.reflect.Method.invoke(Unknown Source)
at org.testng.internal.MethodInvocationHelper.invokeMethod(MethodInvocationHelper.java:124)
at org.testng.internal.Invoker.invokeMethod(Invoker.java:580)
at org.testng.internal.Invoker.invokeTestMethod(Invoker.java:716)
at org.testng.internal.Invoker.invokeTestMethods(Invoker.java:988)
at org.testng.internal.TestMethodWorker.invokeTestMethods(TestMethodWorker.java:125)
at org.testng.internal.TestMethodWorker.run(TestMethodWorker.java:109)
at org.testng.TestRunner.privateRun(TestRunner.java:648)
at org.testng.TestRunner.run(TestRunner.java:505)
at org.testng.SuiteRunner.runTest(SuiteRunner.java:455)
at org.testng.SuiteRunner.runSequentially(SuiteRunner.java:450)
at org.testng.SuiteRunner.privateRun(SuiteRunner.java:415)
at org.testng.SuiteRunner.run(SuiteRunner.java:364)
at org.testng.SuiteRunnerWorker.runSuite(SuiteRunnerWorker.java:52)
at org.testng.SuiteRunnerWorker.run(SuiteRunnerWorker.java:84)
at org.testng.TestNG.runSuitesSequentially(TestNG.java:1208)
at org.testng.TestNG.runSuitesLocally(TestNG.java:1137)
at org.testng.TestNG.runSuites(TestNG.java:1049)
at org.testng.TestNG.run(TestNG.java:1017)
at org.testng.remote.AbstractRemoteTestNG.run(AbstractRemoteTestNG.java:114)
at org.testng.remote.RemoteTestNG.initAndRun(RemoteTestNG.java:251)
at org.testng.remote.RemoteTestNG.main(RemoteTestNG.java:77)
]]>
            </full-stacktrace>
          </exception> <!-- org.openqa.selenium.TimeoutException -->
          <reporter-output>
          </reporter-output>
        </test-method> <!-- MessageDifferentPasswords -->
        <test-method signature="MessageDifferentPasswords(java.lang.String, java.lang.String, java.lang.String, java.lang.String, java.lang.String, java.lang.String, java.lang.String, java.lang.String)[pri:9, instance:Tests.RegisterTest@3571b748]" started-at="2018-05-10T21:19:20Z" name="MessageDifferentPasswords" data-provider="parameterRegister" finished-at="2018-05-10T21:19:21Z" duration-ms="787" status="PASS">
          <params>
            <param index="0">
              <value>
                <![CDATA[MariFlor]]>
              </value>
            </param>
            <param index="1">
              <value>
                <![CDATA[Flori]]>
              </value>
            </param>
            <param index="2">
              <value>
                <![CDATA[mariflor@gmail.com]]>
              </value>
            </param>
            <param index="3">
              <value>
                <![CDATA[Florcita]]>
              </value>
            </param>
            <param index="4">
              <value>
                <![CDATA[flori123]]>
              </value>
            </param>
            <param index="5">
              <value>
                <![CDATA[flori123#]]>
              </value>
            </param>
            <param index="6">
              <value>
                <![CDATA[hola]]>
              </value>
            </param>
            <param index="7">
              <value>
                <![CDATA[hola]]>
              </value>
            </param>
          </params>
          <reporter-output>
          </reporter-output>
        </test-method> <!-- MessageDifferentPasswords -->
      </class> <!-- Tests.RegisterTest -->
      <class name="Tests.PostAnAdTest">
        <test-method signature="verifyToDeployUserNotLogged()[pri:12, instance:Tests.PostAnAdTest@484970b0]" started-at="2018-05-10T21:19:27Z" name="verifyToDeployUserNotLogged" finished-at="2018-05-10T21:19:27Z" duration-ms="579" status="PASS">
          <reporter-output>
          </reporter-output>
        </test-method> <!-- verifyToDeployUserNotLogged -->
[...]
at org.openqa.selenium.remote.RemoteWebDriver.findElement(RemoteWebDriver.java:319)
at org.openqa.selenium.remote.RemoteWebDriver.findElementById(RemoteWebDriver.java:365)
at org.openqa.selenium.By$ById.findElement(By.java:218)
at org.openqa.selenium.remote.RemoteWebDriver.findElement(RemoteWebDriver.java:311)
at Pages.HomePage.verifyUsr(HomePage.java:59)
at Tests.LoginTest.verifyCredentialsLogin(LoginTest.java:42)
at java.base/jdk.internal.reflect.NativeMethodAccessorImpl.invoke0(Native Method)
at java.base/jdk.internal.reflect.NativeMethodAccessorImpl.invoke(Unknown Source)
at java.base/jdk.internal.reflect.DelegatingMethodAccessorImpl.invoke(Unknown Source)
at java.base/java.lang.reflect.Method.invoke(Unknown Source)
at org.testng.internal.MethodInvocationHelper.invokeMethod(MethodInvocationHelper.java:124)
at org.testng.internal.Invoker.invokeMethod(Invoker.java:580)
at org.testng.internal.Invoker.invokeTestMethod(Invoker.java:716)
at org.testng.internal.Invoker.invokeTestMethods(Invoker.java:988)
at org.testng.internal.TestMethodWorker.invokeTestMethods(TestMethodWorker.java:125)
at org.testng.internal.TestMethodWorker.run(TestMethodWorker.java:109)
at org.testng.TestRunner.privateRun(TestRunner.java:648)
at org.testng.TestRunner.run(TestRunner.java:505)
at org.testng.SuiteRunner.runTest(SuiteRunner.java:455)
at org.testng.SuiteRunner.runSequentially(SuiteRunner.java:450)
at org.testng.SuiteRunner.privateRun(SuiteRunner.java:415)
at org.testng.SuiteRunner.run(SuiteRunner.java:364)
at org.testng.SuiteRunnerWorker.runSuite(SuiteRunnerWorker.java:52)
at org.testng.SuiteRunnerWorker.run(SuiteRunnerWorker.java:84)
at org.testng.TestNG.runSuitesSequentially(TestNG.java:1208)
at org.testng.TestNG.runSuitesLocally(TestNG.java:1137)
at org.testng.TestNG.runSuites(TestNG.java:1049)
at org.testng.TestNG.run(TestNG.java:1017)
at org.testng.remote.AbstractRemoteTestNG.run(AbstractRemoteTestNG.java:114)
at org.testng.remote.RemoteTestNG.initAndRun(RemoteTestNG.java:251)
at org.testng.remote.RemoteTestNG.main(RemoteTestNG.java:77)
]]>
            </full-stacktrace>
          </exception> <!-- org.openqa.selenium.NoSuchElementException -->
          <reporter-output>
          </reporter-output>
        </test-method> <!-- verifyCredentialsLogin -->
      </class> <!-- Tests.LoginTest -->
      <class name="Tests.CategoriesTest">
        <test-method signature="goToCategories()[pri:14, instance:Tests.CategoriesTest@4470f8a6]" started-at="2018-05-10T21:19:33Z" name="goToCategories" finished-at="2018-05-10T21:19:33Z" duration-ms="289" status="PASS">
          <reporter-output>
          </reporter-output>
        </test-method> <!-- goToCategories -->
        <test-method signature="searchAntiquesAndCollectibles(java.lang.String)[pri:15, instance:Tests.CategoriesTest@4470f8a6]" started-at="2018-05-10T21:19:33Z" name="searchAntiquesAndCollectibles" data-provider="parameterCategory" finished-at="2018-05-10T21:19:34Z" duration-ms="1086" status="PASS">
          <params>
            <param index="0">
              <value>
                <![CDATA[a]]>
              </value>
            </param>
          </params>
          <reporter-output>
          </reporter-output>
        </test-method> <!-- searchAntiquesAndCollectibles -->
        <test-method signature="searchAntiquesAndCollectibles(java.lang.String)[pri:15, instance:Tests.CategoriesTest@4470f8a6]" started-at="2018-05-10T21:19:34Z" name="searchAntiquesAndCollectibles" data-provider="parameterCategory" finished-at="2018-05-10T21:19:35Z" duration-ms="849" status="PASS">
          <params>
            <param index="0">
              <value>
                <![CDATA[$]]>
              </value>
            </param>
          </params>
          <reporter-output>
          </reporter-output>
        </test-method> <!-- searchAntiquesAndCollectibles -->
        <test-method signature="searchAntiquesAndCollectibles(java.lang.String)[pri:15, instance:Tests.CategoriesTest@4470f8a6]" started-at="2018-05-10T21:19:35Z" name="searchAntiquesAndCollectibles" data-provider="parameterCategory" finished-at="2018-05-10T21:19:36Z" duration-ms="851" status="PASS">
          <params>
            <param index="0">
              <value>
                <![CDATA[8]]>
              </value>
            </param>
          </params>
          <reporter-output>
          </reporter-output>
        </test-method> <!-- searchAntiquesAndCollectibles -->
        <test-method signature="searchArtsAndCrafts(java.lang.String)[pri:16, instance:Tests.CategoriesTest@4470f8a6]" started-at="2018-05-10T21:19:36Z" name="searchArtsAndCrafts" data-provider="parameterCategory" finished-at="2018-05-10T21:19:37Z" duration-ms="913" status="PASS">
          <params>
            <param index="0">
              <value>
                <![CDATA[a]]>
              </value>
            </param>
          </params>
          <reporter-output>
          </reporter-output>
        </test-method> <!-- searchArtsAndCrafts -->
        <test-method signature="searchArtsAndCrafts(java.lang.String)[pri:16, instance:Tests.CategoriesTest@4470f8a6]" started-at="2018-05-10T21:19:37Z" name="searchArtsAndCrafts" data-provider="parameterCategory" finished-at="2018-05-10T21:19:38Z" duration-ms="911" status="PASS">
          <params>
            <param index="0">
              <value>
                <![CDATA[$]]>
              </value>
            </param>
          </params>
          <reporter-output>
          </reporter-output>
        </test-method> <!-- searchArtsAndCrafts -->
        <test-method signature="searchArtsAndCrafts(java.lang.String)[pri:16, instance:Tests.CategoriesTest@4470f8a6]" started-at="2018-05-10T21:19:38Z" name="searchArtsAndCrafts" data-provider="parameterCategory" finished-at="2018-05-10T21:19:39Z" duration-ms="902" status="PASS">
          <params>
            <param index="0">
              <value>
                <![CDATA[8]]>
              </value>
            </param>
          </params>
          <reporter-output>
          </reporter-output>
        </test-method> <!-- searchArtsAndCrafts -->
        <test-method signature="searchAuto(java.lang.String)[pri:17, instance:Tests.CategoriesTest@4470f8a6]" started-at="2018-05-10T21:19:39Z" name="searchAuto" data-provider="parameterCategory" finished-at="2018-05-10T21:19:40Z" duration-ms="1965" status="PASS">
          <params>
            <param index="0">
              <value>
                <![CDATA[a]]>
              </value>
            </param>
          </params>
          <reporter-output>
          </reporter-output>
        </test-method> <!-- searchAuto -->
        <test-method signature="searchAuto(java.lang.String)[pri:17, instance:Tests.CategoriesTest@4470f8a6]" started-at="2018-05-10T21:19:40Z" name="searchAuto" data-provider="parameterCategory" finished-at="2018-05-10T21:19:41Z" duration-ms="870" status="PASS">
          <params>
            <param index="0">
              <value>
                <![CDATA[$]]>
              </value>
            </param>
          </params>
          <reporter-output>
          </reporter-output>
        </test-method> <!-- searchAuto -->
        <test-method signature="searchAuto(java.lang.String)[pri:17, instance:Tests.CategoriesTest@4470f8a6]" started-at="2018-05-10T21:19:41Z" name="searchAuto" data-provider="parameterCategory" finished-at="2018-05-10T21:19:42Z" duration-ms="894" status="PASS">
          <params>
            <param index="0">
              <value>
                <![CDATA[8]]>
              </value>
            </param>
          </params>
          <reporter-output>
          </reporter-output>
        </test-method> <!-- searchAuto -->
        <test-method signature="searchElectronics(java.lang.String)[pri:18, instance:Tests.CategoriesTest@4470f8a6]" started-at="2018-05-10T21:19:42Z" name="searchElectronics" data-provider="parameterCategory" finished-at="2018-05-10T21:19:43Z" duration-ms="908" status="PASS">
          <params>
            <param index="0">
              <value>
                <![CDATA[a]]>
              </value>
            </param>
          </params>
          <reporter-output>
          </reporter-output>
        </test-method> <!-- searchElectronics -->
        <test-method signature="searchElectronics(java.lang.String)[pri:18, instance:Tests.CategoriesTest@4470f8a6]" started-at="2018-05-10T21:19:43Z" name="searchElectronics" data-provider="parameterCategory" finished-at="2018-05-10T21:19:44Z" duration-ms="959" status="PASS">
          <params>
            <param index="0">
              <value>
                <![CDATA[$]]>
              </value>
            </param>
          </params>
          <reporter-output>
          </reporter-output>
        </test-method> <!-- searchElectronics -->
        <test-method signature="searchElectronics(java.lang.String)[pri:18, instance:Tests.CategoriesTest@4470f8a6]" started-at="2018-05-10T21:19:44Z" name="searchElectronics" data-provider="parameterCategory" finished-at="2018-05-10T21:19:45Z" duration-ms="897" status="PASS">
          <params>
            <param index="0">
              <value>
                <![CDATA[8]]>
              </value>
            </param>
          </params>
          <reporter-output>
          </reporter-output>
        </test-method> <!-- searchElectronics -->
        <test-method signature="searchGarden(java.lang.String)[pri:19, instance:Tests.CategoriesTest@4470f8a6]" started-at="2018-05-10T21:19:45Z" name="searchGarden" data-provider="parameterCategory" finished-at="2018-05-10T21:19:46Z" duration-ms="913" status="PASS">
          <params>
            <param index="0">
              <value>
                <![CDATA[a]]>
              </value>
            </param>
          </params>
          <reporter-output>
          </reporter-output>
        </test-method> <!-- searchGarden -->
        <test-method signature="searchGarden(java.lang.String)[pri:19, instance:Tests.CategoriesTest@4470f8a6]" started-at="2018-05-10T21:19:46Z" name="searchGarden" data-provider="parameterCategory" finished-at="2018-05-10T21:19:47Z" duration-ms="1015" status="PASS">
          <params>
            <param index="0">
              <value>
                <![CDATA[$]]>
              </value>
            </param>
          </params>
          <reporter-output>
          </reporter-output>
        </test-method> <!-- searchGarden -->
        <test-method signature="searchGarden(java.lang.String)[pri:19, instance:Tests.CategoriesTest@4470f8a6]" started-at="2018-05-10T21:19:47Z" name="searchGarden" data-provider="parameterCategory" finished-at="2018-05-10T21:19:48Z" duration-ms="892" status="PASS">
          <params>
            <param index="0">
              <value>
                <![CDATA[8]]>
              </value>
            </param>
          </params>
          <reporter-output>
          </reporter-output>
        </test-method> <!-- searchGarden -->
        <test-method signature="searchHome(java.lang.String)[pri:20, instance:Tests.CategoriesTest@4470f8a6]" started-at="2018-05-10T21:19:48Z" name="searchHome" data-provider="parameterCategory" finished-at="2018-05-10T21:19:49Z" duration-ms="909" status="PASS">
          <params>
            <param index="0">
              <value>
                <![CDATA[a]]>
              </value>
            </param>
          </params>
          <reporter-output>
          </reporter-output>
        </test-method> <!-- searchHome -->
        <test-method signature="searchHome(java.lang.String)[pri:20, instance:Tests.CategoriesTest@4470f8a6]" started-at="2018-05-10T21:19:49Z" name="searchHome" data-provider="parameterCategory" finished-at="2018-05-10T21:19:50Z" duration-ms="902" status="PASS">
          <params>
            <param index="0">
              <value>
                <![CDATA[$]]>
              </value>
            </param>
          </params>
          <reporter-output>
          </reporter-output>
        </test-method> <!-- searchHome -->
        <test-method signature="searchHome(java.lang.String)[pri:20, instance:Tests.CategoriesTest@4470f8a6]" started-at="2018-05-10T21:19:50Z" name="searchHome" data-provider="parameterCategory" finished-at="2018-05-10T21:19:51Z" duration-ms="902" status="PASS">
          <params>
            <param index="0">
              <value>
                <![CDATA[8]]>
              </value>
            </param>
          </params>
          <reporter-output>
          </reporter-output>
        </test-method> <!-- searchHome -->
        <test-method signature="searchMusic(java.lang.String)[pri:21, instance:Tests.CategoriesTest@4470f8a6]" started-at="2018-05-10T21:19:51Z" name="searchMusic" data-provider="parameterCategory" finished-at="2018-05-10T21:19:51Z" duration-ms="911" status="PASS">
          <params>
            <param index="0">
              <value>
                <![CDATA[a]]>
              </value>
            </param>
          </params>
          <reporter-output>
          </reporter-output>
        </test-method> <!-- searchMusic -->
        <test-method signature="searchMusic(java.lang.String)[pri:21, instance:Tests.CategoriesTest@4470f8a6]" started-at="2018-05-10T21:19:51Z" name="searchMusic" data-provider="parameterCategory" finished-at="2018-05-10T21:19:52Z" duration-ms="900" status="PASS">
          <params>
            <param index="0">
              <value>
                <![CDATA[$]]>
              </value>
            </param>
          </params>
          <reporter-output>
          </reporter-output>
        </test-method> <!-- searchMusic -->
        <test-method signature="searchMusic(java.lang.String)[pri:21, instance:Tests.CategoriesTest@4470f8a6]" started-at="2018-05-10T21:19:52Z" name="searchMusic" data-provider="parameterCategory" finished-at="2018-05-10T21:19:53Z" duration-ms="906" status="PASS">
          <params>
            <param index="0">
              <value>
                <![CDATA[8]]>
              </value>
            </param>
          </params>
          <reporter-output>
          </reporter-output>
        </test-method> <!-- searchMusic -->
      </class> <!-- Tests.CategoriesTest -->
      <class name="Tests.MyAdsAndProfileTest">
        <test-method signature="verifyToDeployLoginUserNotLogged()[pri:10, instance:Tests.MyAdsAndProfileTest@3e96bacf]" started-at="2018-05-10T21:19:21Z" name="verifyToDeployLoginUserNotLogged" finished-at="2018-05-10T21:19:21Z" duration-ms="520" status="PASS">
          <reporter-output>
          </reporter-output>
        </test-method> <!-- verifyToDeployLoginUserNotLogged -->
        <test-method signature="verifyToDeployAllFielsUserLogged(java.lang.String, java.lang.String)[pri:11, instance:Tests.MyAdsAndProfileTest@3e96bacf]" started-at="2018-05-10T21:19:21Z" name="verifyToDeployAllFielsUserLogged" data-provider="parameterLogin" finished-at="2018-05-10T21:19:23Z" duration-ms="1526" status="PASS">
          <params>
            <param index="0">
              <value>
                <![CDATA[noeliaurpi]]>
              </value>
            </param>
            <param index="1">
              <value>
                <![CDATA[Nurpi1495$]]>
              </value>
            </param>
          </params>
          <reporter-output>
          </reporter-output>
        </test-method> <!-- verifyToDeployAllFielsUserLogged -->
        <test-method signature="verifyToDeployAllFielsUserLogged(java.lang.String, java.lang.String)[pri:11, instance:Tests.MyAdsAndProfileTest@3e96bacf]" started-at="2018-05-10T21:19:23Z" name="verifyToDeployAllFielsUserLogged" data-provider="parameterLogin" finished-at="2018-05-10T21:19:27Z" duration-ms="3845" status="FAIL">
          <params>
            <param index="0">
              <value>
                <![CDATA[noeliaurp]]>
              </value>
            </param>
            <param index="1">
              <value>
                <![CDATA[Nurpi1495$]]>
              </value>
            </param>
          </params>
          <exception class="org.openqa.selenium.TimeoutException">
            <message>
              <![CDATA[Expected condition failed: waiting for presence of element located by: By.id: ctl00_Main_CurrentAdsButton (tried for 3 second(s) with 500 milliseconds interval)]]>
            </message>
            <full-stacktrace>
              <![CDATA[org.openqa.selenium.TimeoutException: Expected condition failed: waiting for presence of element located by: By.id: ctl00_Main_CurrentAdsButton (tried for 3 second(s) with 500 milliseconds interval)
at org.openqa.selenium.support.ui.WebDriverWait.timeoutException(WebDriverWait.java:81)
at org.openqa.selenium.support.ui.FluentWait.until(FluentWait.java:271)
at Pages.NavigationPage.verifyLoadFielsMyAdsAndProfile(NavigationPage.java:95)
at Tests.MyAdsAndProfileTest.verifyToDeployAllFielsUserLogged(MyAdsAndProfileTest.java:21)
at java.base/jdk.internal.reflect.NativeMethodAccessorImpl.invoke0(Native Method)
at java.base/jdk.internal.reflect.NativeMethodAccessorImpl.invoke(Unknown Source)
at java.base/jdk.internal.reflect.DelegatingMethodAccessorImpl.invoke(Unknown Source)
at java.base/java.lang.reflect.Method.invoke(Unknown Source)
at org.testng.internal.MethodInvocationHelper.invokeMethod(MethodInvocationHelper.java:124)
at org.testng.internal.Invoker.invokeMethod(Invoker.java:580)
at org.testng.internal.Invoker.invokeTestMethod(Invoker.java:716)
at org.testng.internal.Invoker.invokeTestMethods(Invoker.java:988)
at org.testng.internal.TestMethodWorker.invokeTestMethods(TestMethodWorker.java:125)
at org.testng.internal.TestMethodWorker.run(TestMethodWorker.java:109)
at org.testng.TestRunner.privateRun(TestRunner.java:648)
at org.testng.TestRunner.run(TestRunner.java:505)
at org.testng.SuiteRunner.runTest(SuiteRunner.java:455)
at org.testng.SuiteRunner.runSequentially(SuiteRunner.java:450)
at org.testng.SuiteRunner.privateRun(SuiteRunner.java:415)
at org.testng.SuiteRunner.run(SuiteRunner.java:364)
at org.testng.SuiteRunnerWorker.runSuite(SuiteRunnerWorker.java:52)
at org.testng.SuiteRunnerWorker.run(SuiteRunnerWorker.java:84)
at org.testng.TestNG.runSuitesSequentially(TestNG.java:1208)
at org.testng.TestNG.runSuitesLocally(TestNG.java:1137)
at org.testng.TestNG.runSuites(TestNG.java:1049)
at org.testng.TestNG.run(TestNG.java:1017)
at org.testng.remote.AbstractRemoteTestNG.run(AbstractRemoteTestNG.java:114)
at org.testng.remote.RemoteTestNG.initAndRun(RemoteTestNG.java:251)
at org.testng.remote.RemoteTestNG.main(RemoteTestNG.java:77)
Caused by: org.openqa.selenium.NoSuchElementException: Cannot locate an element using By.id: ctl00_Main_CurrentAdsButton
For documentation on this error, please visit: http://seleniumhq.org/exceptions/no_such_element.html
Build info: version: '3.11.0', revision: 'e59cfb3', time: '2018-03-11T20:33:08.638Z'
System info: host: 'SCA-WS380', ip: '192.168.189.181', os.name: 'Windows 10', os.arch: 'amd64', os.version: '10.0', java.version: '10'
Driver info: driver.version: unknown
at org.openqa.selenium.support.ui.ExpectedConditions.lambda$findElement$0(ExpectedConditions.java:896)
at java.base/java.util.Optional.orElseThrow(Unknown Source)
at org.openqa.selenium.support.ui.ExpectedConditions.findElement(ExpectedConditions.java:895)
at org.openqa.selenium.support.ui.ExpectedConditions.access$000(ExpectedConditions.java:44)
at org.openqa.selenium.support.ui.ExpectedConditions$6.apply(ExpectedConditions.java:183)
at org.openqa.selenium.support.ui.ExpectedConditions$6.apply(ExpectedConditions.java:180)
at org.openqa.selenium.support.ui.FluentWait.until(FluentWait.java:248)
... 27 more
]]>
            </full-stacktrace>
          </exception> <!-- org.openqa.selenium.TimeoutException -->
          <reporter-output>
          </reporter-output>
        </test-method> <!-- verifyToDeployAllFielsUserLogged -->
      </class> <!-- Tests.MyAdsAndProfileTest -->
    </test> <!-- TestWithFirefox -->
  </suite> <!-- LoginXMLFile -->
</testng-results>
